2023-04-28 02:18:00,994:INFO:configs.middlewares.auth:request received for endpoint /advertisements/
2023-04-28 02:18:05,065:DEBUG:urllib3.connectionpool:Starting new HTTPS connection (1): o4505058180399104.ingest.sentry.io:443
2023-04-28 02:18:05,579:DEBUG:urllib3.connectionpool:https://o4505058180399104.ingest.sentry.io:443 "POST /api/4505058181840896/envelope/ HTTP/1.1" 200 41
2023-04-28 02:18:22,130:INFO:django.utils.autoreload:/media/nelson/Apacer PHD/projects/centro/sistema_egresados/apps/classified_advertisements/api/serializers/advertissement/advertisement_serialziers.py changed, reloading.
2023-04-28 02:18:22,234:DEBUG:urllib3.connectionpool:https://o4505058180399104.ingest.sentry.io:443 "POST /api/4505058181840896/envelope/ HTTP/1.1" 200 2
2023-04-28 02:18:26,085:INFO:configs.middlewares.auth:request received for endpoint /advertisements/
2023-04-28 02:18:28,582:DEBUG:urllib3.connectionpool:Starting new HTTPS connection (1): o4505058180399104.ingest.sentry.io:443
2023-04-28 02:18:29,035:DEBUG:urllib3.connectionpool:https://o4505058180399104.ingest.sentry.io:443 "POST /api/4505058181840896/envelope/ HTTP/1.1" 200 41
2023-04-28 02:18:52,572:INFO:django.utils.autoreload:/media/nelson/Apacer PHD/projects/centro/sistema_egresados/apps/classified_advertisements/api/views/advertisement/views.py changed, reloading.
2023-04-28 02:18:52,697:DEBUG:urllib3.connectionpool:https://o4505058180399104.ingest.sentry.io:443 "POST /api/4505058181840896/envelope/ HTTP/1.1" 200 2
2023-04-28 02:18:56,633:INFO:configs.middlewares.auth:request received for endpoint /advertisements/
2023-04-28 02:18:58,579:DEBUG:urllib3.connectionpool:Starting new HTTPS connection (1): o4505058180399104.ingest.sentry.io:443
2023-04-28 02:18:58,987:DEBUG:urllib3.connectionpool:https://o4505058180399104.ingest.sentry.io:443 "POST /api/4505058181840896/envelope/ HTTP/1.1" 200 41
2023-04-28 02:19:05,597:INFO:django.utils.autoreload:/media/nelson/Apacer PHD/projects/centro/sistema_egresados/apps/classified_advertisements/api/views/advertisement/views.py changed, reloading.
2023-04-28 02:19:05,711:DEBUG:urllib3.connectionpool:https://o4505058180399104.ingest.sentry.io:443 "POST /api/4505058181840896/envelope/ HTTP/1.1" 200 2
2023-04-28 02:19:15,109:INFO:django.utils.autoreload:/media/nelson/Apacer PHD/projects/centro/sistema_egresados/apps/classified_advertisements/api/views/advertisement/views.py changed, reloading.
2023-04-28 02:19:19,004:INFO:configs.middlewares.auth:request received for endpoint /advertisements/
2023-04-28 02:19:21,626:DEBUG:urllib3.connectionpool:Starting new HTTPS connection (1): o4505058180399104.ingest.sentry.io:443
2023-04-28 02:19:22,069:DEBUG:urllib3.connectionpool:https://o4505058180399104.ingest.sentry.io:443 "POST /api/4505058181840896/envelope/ HTTP/1.1" 200 41
2023-04-28 02:20:21,795:DEBUG:urllib3.connectionpool:https://o4505058180399104.ingest.sentry.io:443 "POST /api/4505058181840896/envelope/ HTTP/1.1" 200 2
2023-04-28 13:25:21,448:INFO:django.utils.autoreload:/media/nelson/Apacer PHD/projects/centro/sistema_egresados/apps/classified_advertisements/api/views/advertisement/views.py changed, reloading.
2023-04-28 13:25:56,826:INFO:django.utils.autoreload:/media/nelson/Apacer PHD/projects/centro/sistema_egresados/apps/classified_advertisements/api/serializers/advertissement/advertisement_serialziers.py changed, reloading.
2023-04-28 13:27:17,165:INFO:django.utils.autoreload:/media/nelson/Apacer PHD/projects/centro/sistema_egresados/apps/classified_advertisements/api/serializers/advertissement/advertisement_serialziers.py changed, reloading.
2023-04-28 13:27:33,662:DEBUG:urllib3.connectionpool:Starting new HTTPS connection (1): o4505058180399104.ingest.sentry.io:443
2023-04-28 13:27:34,148:DEBUG:urllib3.connectionpool:https://o4505058180399104.ingest.sentry.io:443 "POST /api/4505058181840896/envelope/ HTTP/1.1" 200 41
2023-04-28 13:27:38,527:INFO:configs.middlewares.auth:request received for endpoint /advertisements/
2023-04-28 13:27:43,561:DEBUG:urllib3.connectionpool:https://o4505058180399104.ingest.sentry.io:443 "POST /api/4505058181840896/envelope/ HTTP/1.1" 200 41
2023-04-28 13:28:33,822:DEBUG:urllib3.connectionpool:https://o4505058180399104.ingest.sentry.io:443 "POST /api/4505058181840896/envelope/ HTTP/1.1" 200 2
2023-04-28 13:34:13,970:INFO:environ.environ:/home/ubuntu/main/egresados_sistemas/configs/.env not found - if you're not configuring your environment separately, check this.
2023-04-28 13:34:13,970:INFO:environ.environ:/home/ubuntu/main/egresados_sistemas/configs/.env not found - if you're not configuring your environment separately, check this.
2023-04-28 13:34:13,971:DEBUG:environ.environ:get 'SECRET_OR_KEY' casted as 'None' with default '<NoValue>'
2023-04-28 13:34:13,971:DEBUG:environ.environ:get 'SECRET_OR_KEY' casted as 'None' with default '<NoValue>'
2023-04-28 13:34:14,039:INFO:configs.middlewares.auth:request received for endpoint /
2023-04-28 13:34:14,039:INFO:configs.middlewares.auth:Response {'ok': False, 'message': 'Unauthorized', 'errors': [{'message': 'Authorization not found, Please send valid token'}], 'path': '', 'method': '', 'next': None, 'previous': None, 'count': None}
2023-04-28 13:34:14,039:WARNING:django.request:Unauthorized: /
2023-04-28 13:34:14,597:INFO:configs.middlewares.auth:request received for endpoint /favicon.ico
2023-04-28 13:34:14,597:INFO:configs.middlewares.auth:Response {'ok': False, 'message': 'Unauthorized', 'errors': [{'message': 'Authorization not found, Please send valid token'}], 'path': '', 'method': '', 'next': None, 'previous': None, 'count': None}
2023-04-28 13:34:14,598:WARNING:django.request:Unauthorized: /favicon.ico
2023-04-28 13:34:24,002:INFO:configs.middlewares.auth:request received for endpoint /advertisements/
2023-04-28 13:34:32,006:INFO:configs.middlewares.auth:request received for endpoint /advertisements/
2023-04-28 13:36:39,774:INFO:configs.middlewares.auth:request received for endpoint /advertisements/
2023-04-28 13:36:48,098:INFO:configs.middlewares.auth:request received for endpoint /
2023-04-28 13:36:48,098:INFO:configs.middlewares.auth:Response {'ok': False, 'message': 'Unauthorized', 'errors': [{'message': 'Authorization not found, Please send valid token'}], 'path': '', 'method': '', 'next': None, 'previous': None, 'count': None}
2023-04-28 13:36:48,099:WARNING:django.request:Unauthorized: /
2023-04-28 13:36:56,315:INFO:configs.middlewares.auth:request received for endpoint /advertisements/
2023-04-28 13:37:13,131:INFO:configs.middlewares.auth:request received for endpoint /advertisements/
2023-04-28 13:38:47,839:INFO:configs.middlewares.auth:request received for endpoint /advertisements/
2023-04-28 13:38:52,097:INFO:configs.middlewares.auth:request received for endpoint /advertisements/
2023-04-28 13:39:42,160:INFO:environ.environ:/home/ubuntu/main/egresados_sistemas/configs/.env not found - if you're not configuring your environment separately, check this.
2023-04-28 13:39:42,162:INFO:environ.environ:/home/ubuntu/main/egresados_sistemas/configs/.env not found - if you're not configuring your environment separately, check this.
2023-04-28 13:39:42,162:DEBUG:environ.environ:get 'SECRET_OR_KEY' casted as 'None' with default '<NoValue>'
2023-04-28 13:39:42,165:DEBUG:environ.environ:get 'SECRET_OR_KEY' casted as 'None' with default '<NoValue>'
2023-04-28 13:39:42,321:INFO:configs.middlewares.auth:request received for endpoint /
2023-04-28 13:39:42,322:INFO:configs.middlewares.auth:Response {'ok': False, 'message': 'Unauthorized', 'errors': [{'message': 'Authorization not found, Please send valid token'}], 'path': '', 'method': '', 'next': None, 'previous': None, 'count': None}
2023-04-28 13:39:42,322:WARNING:django.request:Unauthorized: /
2023-04-28 13:39:42,590:INFO:configs.middlewares.auth:request received for endpoint /favicon.ico
2023-04-28 13:39:42,590:INFO:configs.middlewares.auth:Response {'ok': False, 'message': 'Unauthorized', 'errors': [{'message': 'Authorization not found, Please send valid token'}], 'path': '', 'method': '', 'next': None, 'previous': None, 'count': None}
2023-04-28 13:39:42,590:WARNING:django.request:Unauthorized: /favicon.ico
2023-04-28 13:39:57,614:INFO:configs.middlewares.auth:request received for endpoint /advertisements/
2023-04-28 13:40:41,201:INFO:configs.middlewares.auth:request received for endpoint /advertisements/
2023-04-28 13:40:51,608:INFO:configs.middlewares.auth:request received for endpoint /advertisements/
2023-04-28 13:41:07,994:INFO:environ.environ:/home/ubuntu/main/egresados_sistemas/configs/.env not found - if you're not configuring your environment separately, check this.
2023-04-28 13:41:07,997:DEBUG:environ.environ:get 'SECRET_OR_KEY' casted as 'None' with default '<NoValue>'
2023-04-28 13:41:08,086:INFO:environ.environ:/home/ubuntu/main/egresados_sistemas/configs/.env not found - if you're not configuring your environment separately, check this.
2023-04-28 13:41:08,086:DEBUG:environ.environ:get 'SECRET_OR_KEY' casted as 'None' with default '<NoValue>'
2023-04-28 13:41:08,414:INFO:configs.middlewares.auth:request received for endpoint /
2023-04-28 13:41:08,415:INFO:configs.middlewares.auth:Response {'ok': False, 'message': 'Unauthorized', 'errors': [{'message': 'Authorization not found, Please send valid token'}], 'path': '', 'method': '', 'next': None, 'previous': None, 'count': None}
2023-04-28 13:41:08,415:WARNING:django.request:Unauthorized: /
2023-04-28 13:41:08,735:INFO:configs.middlewares.auth:request received for endpoint /favicon.ico
2023-04-28 13:41:08,736:INFO:configs.middlewares.auth:Response {'ok': False, 'message': 'Unauthorized', 'errors': [{'message': 'Authorization not found, Please send valid token'}], 'path': '', 'method': '', 'next': None, 'previous': None, 'count': None}
2023-04-28 13:41:08,736:WARNING:django.request:Unauthorized: /favicon.ico
2023-04-28 13:41:25,906:INFO:configs.middlewares.auth:request received for endpoint /advertisements/
2023-04-28 13:41:48,893:INFO:configs.middlewares.auth:request received for endpoint /advertisements/
2023-04-28 13:42:49,292:INFO:configs.middlewares.auth:request received for endpoint /advertisements/
2023-04-28 13:43:12,868:INFO:configs.middlewares.auth:request received for endpoint /.git/config
2023-04-28 13:43:12,868:INFO:configs.middlewares.auth:Response {'ok': False, 'message': 'Unauthorized', 'errors': [{'message': 'Authorization not found, Please send valid token'}], 'path': '', 'method': '', 'next': None, 'previous': None, 'count': None}
2023-04-28 13:43:12,869:WARNING:django.request:Unauthorized: /.git/config
2023-04-28 13:43:18,672:INFO:environ.environ:/home/ubuntu/main/egresados_sistemas/configs/.env not found - if you're not configuring your environment separately, check this.
2023-04-28 13:43:18,677:DEBUG:environ.environ:get 'SECRET_OR_KEY' casted as 'None' with default '<NoValue>'
2023-04-28 13:43:18,740:INFO:environ.environ:/home/ubuntu/main/egresados_sistemas/configs/.env not found - if you're not configuring your environment separately, check this.
2023-04-28 13:43:18,741:DEBUG:environ.environ:get 'SECRET_OR_KEY' casted as 'None' with default '<NoValue>'
2023-04-28 13:43:19,060:INFO:configs.middlewares.auth:request received for endpoint /
2023-04-28 13:43:19,060:INFO:configs.middlewares.auth:Response {'ok': False, 'message': 'Unauthorized', 'errors': [{'message': 'Authorization not found, Please send valid token'}], 'path': '', 'method': '', 'next': None, 'previous': None, 'count': None}
2023-04-28 13:43:19,061:WARNING:django.request:Unauthorized: /
2023-04-28 13:43:19,393:INFO:configs.middlewares.auth:request received for endpoint /favicon.ico
2023-04-28 13:43:19,393:INFO:configs.middlewares.auth:Response {'ok': False, 'message': 'Unauthorized', 'errors': [{'message': 'Authorization not found, Please send valid token'}], 'path': '', 'method': '', 'next': None, 'previous': None, 'count': None}
2023-04-28 13:43:19,393:WARNING:django.request:Unauthorized: /favicon.ico
2023-04-28 13:43:19,485:INFO:configs.middlewares.auth:request received for endpoint /core/.env
2023-04-28 13:43:19,485:INFO:configs.middlewares.auth:Response {'ok': False, 'message': 'Unauthorized', 'errors': [{'message': 'Authorization not found, Please send valid token'}], 'path': '', 'method': '', 'next': None, 'previous': None, 'count': None}
2023-04-28 13:43:19,485:WARNING:django.request:Unauthorized: /core/.env
2023-04-28 13:43:22,443:INFO:configs.middlewares.auth:request received for endpoint /script/.env
2023-04-28 13:43:22,443:INFO:configs.middlewares.auth:Response {'ok': False, 'message': 'Unauthorized', 'errors': [{'message': 'Authorization not found, Please send valid token'}], 'path': '', 'method': '', 'next': None, 'previous': None, 'count': None}
2023-04-28 13:43:22,443:WARNING:django.request:Unauthorized: /script/.env
2023-04-28 13:43:26,691:INFO:configs.middlewares.auth:request received for endpoint /script/.env
2023-04-28 13:43:26,691:INFO:configs.middlewares.auth:Response {'ok': False, 'message': 'Unauthorized', 'errors': [{'message': 'Authorization not found, Please send valid token'}], 'path': '', 'method': '', 'next': None, 'previous': None, 'count': None}
2023-04-28 13:43:26,691:WARNING:django.request:Unauthorized: /script/.env
2023-04-28 13:43:28,567:INFO:configs.middlewares.auth:request received for endpoint /advertisements/
2023-04-28 13:43:29,777:INFO:configs.middlewares.auth:request received for endpoint /advertisements/
2023-04-28 13:43:30,174:INFO:configs.middlewares.auth:request received for endpoint /live_env
2023-04-28 13:43:30,174:INFO:configs.middlewares.auth:Response {'ok': False, 'message': 'Unauthorized', 'errors': [{'message': 'Authorization not found, Please send valid token'}], 'path': '', 'method': '', 'next': None, 'previous': None, 'count': None}
2023-04-28 13:43:30,174:WARNING:django.request:Unauthorized: /live_env
2023-04-28 13:43:32,340:INFO:configs.middlewares.auth:request received for endpoint /live_env
2023-04-28 13:43:32,340:INFO:configs.middlewares.auth:Response {'ok': False, 'message': 'Unauthorized', 'errors': [{'message': 'Authorization not found, Please send valid token'}], 'path': '', 'method': '', 'next': None, 'previous': None, 'count': None}
2023-04-28 13:43:32,340:WARNING:django.request:Unauthorized: /live_env
2023-04-28 13:43:33,090:INFO:configs.middlewares.auth:request received for endpoint /advertisements/
2023-04-28 13:43:34,123:INFO:configs.middlewares.auth:request received for endpoint /advertisements/
2023-04-28 13:43:36,826:INFO:configs.middlewares.auth:request received for endpoint /cp/.env
2023-04-28 13:43:36,826:INFO:configs.middlewares.auth:Response {'ok': False, 'message': 'Unauthorized', 'errors': [{'message': 'Authorization not found, Please send valid token'}], 'path': '', 'method': '', 'next': None, 'previous': None, 'count': None}
2023-04-28 13:43:36,827:WARNING:django.request:Unauthorized: /cp/.env
2023-04-28 13:43:44,646:INFO:configs.middlewares.auth:request received for endpoint /advertisements/
2023-04-28 13:43:45,188:INFO:configs.middlewares.auth:request received for endpoint /cp/.env
2023-04-28 13:43:45,188:INFO:configs.middlewares.auth:Response {'ok': False, 'message': 'Unauthorized', 'errors': [{'message': 'Authorization not found, Please send valid token'}], 'path': '', 'method': '', 'next': None, 'previous': None, 'count': None}
2023-04-28 13:43:45,188:WARNING:django.request:Unauthorized: /cp/.env
2023-04-28 13:43:45,567:INFO:configs.middlewares.auth:request received for endpoint /advertisements/
2023-04-28 13:43:46,352:INFO:configs.middlewares.auth:request received for endpoint /advertisements/
2023-04-28 13:43:47,113:INFO:configs.middlewares.auth:request received for endpoint /advertisements/
2023-04-28 13:43:47,795:INFO:configs.middlewares.auth:request received for endpoint /advertisements/
2023-04-28 13:43:48,444:INFO:configs.middlewares.auth:request received for endpoint /advertisements/
2023-04-28 13:43:55,518:INFO:environ.environ:/home/ubuntu/main/egresados_sistemas/configs/.env not found - if you're not configuring your environment separately, check this.
2023-04-28 13:43:55,518:DEBUG:environ.environ:get 'SECRET_OR_KEY' casted as 'None' with default '<NoValue>'
2023-04-28 13:43:55,612:INFO:environ.environ:/home/ubuntu/main/egresados_sistemas/configs/.env not found - if you're not configuring your environment separately, check this.
2023-04-28 13:43:55,613:DEBUG:environ.environ:get 'SECRET_OR_KEY' casted as 'None' with default '<NoValue>'
2023-04-28 13:43:55,952:INFO:configs.middlewares.auth:request received for endpoint /
2023-04-28 13:43:55,952:INFO:configs.middlewares.auth:Response {'ok': False, 'message': 'Unauthorized', 'errors': [{'message': 'Authorization not found, Please send valid token'}], 'path': '', 'method': '', 'next': None, 'previous': None, 'count': None}
2023-04-28 13:43:55,953:WARNING:django.request:Unauthorized: /
2023-04-28 13:43:56,339:INFO:configs.middlewares.auth:request received for endpoint /development/.env
2023-04-28 13:43:56,341:INFO:configs.middlewares.auth:request received for endpoint /favicon.ico
2023-04-28 13:43:56,341:INFO:configs.middlewares.auth:Response {'ok': False, 'message': 'Unauthorized', 'errors': [{'message': 'Authorization not found, Please send valid token'}], 'path': '', 'method': '', 'next': None, 'previous': None, 'count': None}
2023-04-28 13:43:56,341:INFO:configs.middlewares.auth:Response {'ok': False, 'message': 'Unauthorized', 'errors': [{'message': 'Authorization not found, Please send valid token'}], 'path': '', 'method': '', 'next': None, 'previous': None, 'count': None}
2023-04-28 13:43:56,342:WARNING:django.request:Unauthorized: /development/.env
2023-04-28 13:43:56,342:WARNING:django.request:Unauthorized: /favicon.ico
2023-04-28 13:43:58,505:INFO:configs.middlewares.auth:request received for endpoint /development/.env
2023-04-28 13:43:58,505:INFO:configs.middlewares.auth:Response {'ok': False, 'message': 'Unauthorized', 'errors': [{'message': 'Authorization not found, Please send valid token'}], 'path': '', 'method': '', 'next': None, 'previous': None, 'count': None}
2023-04-28 13:43:58,506:WARNING:django.request:Unauthorized: /development/.env
2023-04-28 13:44:05,658:INFO:configs.middlewares.auth:request received for endpoint /enviroments/.env
2023-04-28 13:44:05,658:INFO:configs.middlewares.auth:Response {'ok': False, 'message': 'Unauthorized', 'errors': [{'message': 'Authorization not found, Please send valid token'}], 'path': '', 'method': '', 'next': None, 'previous': None, 'count': None}
2023-04-28 13:44:05,659:WARNING:django.request:Unauthorized: /enviroments/.env
2023-04-28 13:44:05,782:INFO:configs.middlewares.auth:request received for endpoint /advertisements/
2023-04-28 13:44:08,168:INFO:configs.middlewares.auth:request received for endpoint /enviroments/.env
2023-04-28 13:44:08,168:INFO:configs.middlewares.auth:Response {'ok': False, 'message': 'Unauthorized', 'errors': [{'message': 'Authorization not found, Please send valid token'}], 'path': '', 'method': '', 'next': None, 'previous': None, 'count': None}
2023-04-28 13:44:08,168:WARNING:django.request:Unauthorized: /enviroments/.env
2023-04-28 13:44:12,742:INFO:configs.middlewares.auth:request received for endpoint /rest/.env
2023-04-28 13:44:12,743:INFO:configs.middlewares.auth:Response {'ok': False, 'message': 'Unauthorized', 'errors': [{'message': 'Authorization not found, Please send valid token'}], 'path': '', 'method': '', 'next': None, 'previous': None, 'count': None}
2023-04-28 13:44:12,743:WARNING:django.request:Unauthorized: /rest/.env
2023-04-28 13:44:15,063:INFO:configs.middlewares.auth:request received for endpoint /rest/.env
2023-04-28 13:44:15,063:INFO:configs.middlewares.auth:Response {'ok': False, 'message': 'Unauthorized', 'errors': [{'message': 'Authorization not found, Please send valid token'}], 'path': '', 'method': '', 'next': None, 'previous': None, 'count': None}
2023-04-28 13:44:15,063:WARNING:django.request:Unauthorized: /rest/.env
2023-04-28 13:44:18,105:INFO:configs.middlewares.auth:request received for endpoint /app/.env
2023-04-28 13:44:18,106:INFO:configs.middlewares.auth:Response {'ok': False, 'message': 'Unauthorized', 'errors': [{'message': 'Authorization not found, Please send valid token'}], 'path': '', 'method': '', 'next': None, 'previous': None, 'count': None}
2023-04-28 13:44:18,106:WARNING:django.request:Unauthorized: /app/.env
2023-04-28 13:44:23,680:INFO:configs.middlewares.auth:request received for endpoint /app/.env
2023-04-28 13:44:23,681:INFO:configs.middlewares.auth:Response {'ok': False, 'message': 'Unauthorized', 'errors': [{'message': 'Authorization not found, Please send valid token'}], 'path': '', 'method': '', 'next': None, 'previous': None, 'count': None}
2023-04-28 13:44:23,681:WARNING:django.request:Unauthorized: /app/.env
2023-04-28 13:44:27,946:INFO:configs.middlewares.auth:request received for endpoint /.env.project
2023-04-28 13:44:27,947:INFO:configs.middlewares.auth:Response {'ok': False, 'message': 'Unauthorized', 'errors': [{'message': 'Authorization not found, Please send valid token'}], 'path': '', 'method': '', 'next': None, 'previous': None, 'count': None}
2023-04-28 13:44:27,947:WARNING:django.request:Unauthorized: /.env.project
2023-04-28 13:44:31,254:INFO:configs.middlewares.auth:request received for endpoint /.env.project
2023-04-28 13:44:31,255:INFO:configs.middlewares.auth:Response {'ok': False, 'message': 'Unauthorized', 'errors': [{'message': 'Authorization not found, Please send valid token'}], 'path': '', 'method': '', 'next': None, 'previous': None, 'count': None}
2023-04-28 13:44:31,255:WARNING:django.request:Unauthorized: /.env.project
2023-04-28 13:44:33,250:INFO:configs.middlewares.auth:request received for endpoint /.env.dist
2023-04-28 13:44:33,251:INFO:configs.middlewares.auth:Response {'ok': False, 'message': 'Unauthorized', 'errors': [{'message': 'Authorization not found, Please send valid token'}], 'path': '', 'method': '', 'next': None, 'previous': None, 'count': None}
2023-04-28 13:44:33,251:WARNING:django.request:Unauthorized: /.env.dist
2023-04-28 13:44:36,267:INFO:configs.middlewares.auth:request received for endpoint /.env.dist
2023-04-28 13:44:36,267:INFO:configs.middlewares.auth:Response {'ok': False, 'message': 'Unauthorized', 'errors': [{'message': 'Authorization not found, Please send valid token'}], 'path': '', 'method': '', 'next': None, 'previous': None, 'count': None}
2023-04-28 13:44:36,267:WARNING:django.request:Unauthorized: /.env.dist
2023-04-28 13:44:39,245:INFO:configs.middlewares.auth:request received for endpoint /.env.save
2023-04-28 13:44:39,245:INFO:configs.middlewares.auth:Response {'ok': False, 'message': 'Unauthorized', 'errors': [{'message': 'Authorization not found, Please send valid token'}], 'path': '', 'method': '', 'next': None, 'previous': None, 'count': None}
2023-04-28 13:44:39,246:WARNING:django.request:Unauthorized: /.env.save
2023-04-28 13:44:41,054:INFO:configs.middlewares.auth:request received for endpoint /.env.save
2023-04-28 13:44:41,054:INFO:configs.middlewares.auth:Response {'ok': False, 'message': 'Unauthorized', 'errors': [{'message': 'Authorization not found, Please send valid token'}], 'path': '', 'method': '', 'next': None, 'previous': None, 'count': None}
2023-04-28 13:44:41,055:WARNING:django.request:Unauthorized: /.env.save
2023-04-28 13:44:46,003:INFO:configs.middlewares.auth:request received for endpoint /advertisements/
2023-04-28 13:44:46,849:INFO:configs.middlewares.auth:request received for endpoint /.env.production
2023-04-28 13:44:46,849:INFO:configs.middlewares.auth:Response {'ok': False, 'message': 'Unauthorized', 'errors': [{'message': 'Authorization not found, Please send valid token'}], 'path': '', 'method': '', 'next': None, 'previous': None, 'count': None}
2023-04-28 13:44:46,849:WARNING:django.request:Unauthorized: /.env.production
2023-04-28 13:44:49,096:INFO:configs.middlewares.auth:request received for endpoint /.env.production
2023-04-28 13:44:49,097:INFO:configs.middlewares.auth:Response {'ok': False, 'message': 'Unauthorized', 'errors': [{'message': 'Authorization not found, Please send valid token'}], 'path': '', 'method': '', 'next': None, 'previous': None, 'count': None}
2023-04-28 13:44:49,097:WARNING:django.request:Unauthorized: /.env.production
2023-04-28 13:44:52,526:INFO:configs.middlewares.auth:request received for endpoint /.env.development
2023-04-28 13:44:52,526:INFO:configs.middlewares.auth:Response {'ok': False, 'message': 'Unauthorized', 'errors': [{'message': 'Authorization not found, Please send valid token'}], 'path': '', 'method': '', 'next': None, 'previous': None, 'count': None}
2023-04-28 13:44:52,527:WARNING:django.request:Unauthorized: /.env.development
2023-04-28 13:44:57,265:INFO:configs.middlewares.auth:request received for endpoint /.env.development
2023-04-28 13:44:57,265:INFO:configs.middlewares.auth:Response {'ok': False, 'message': 'Unauthorized', 'errors': [{'message': 'Authorization not found, Please send valid token'}], 'path': '', 'method': '', 'next': None, 'previous': None, 'count': None}
2023-04-28 13:44:57,266:WARNING:django.request:Unauthorized: /.env.development
2023-04-28 13:44:58,609:INFO:configs.middlewares.auth:request received for endpoint /private/.env
2023-04-28 13:44:58,609:INFO:configs.middlewares.auth:Response {'ok': False, 'message': 'Unauthorized', 'errors': [{'message': 'Authorization not found, Please send valid token'}], 'path': '', 'method': '', 'next': None, 'previous': None, 'count': None}
2023-04-28 13:44:58,610:WARNING:django.request:Unauthorized: /private/.env
2023-04-28 13:45:03,047:INFO:configs.middlewares.auth:request received for endpoint /private/.env
2023-04-28 13:45:03,047:INFO:configs.middlewares.auth:Response {'ok': False, 'message': 'Unauthorized', 'errors': [{'message': 'Authorization not found, Please send valid token'}], 'path': '', 'method': '', 'next': None, 'previous': None, 'count': None}
2023-04-28 13:45:03,047:WARNING:django.request:Unauthorized: /private/.env
2023-04-28 13:45:05,980:INFO:configs.middlewares.auth:request received for endpoint /local/.env
2023-04-28 13:45:05,981:INFO:configs.middlewares.auth:Response {'ok': False, 'message': 'Unauthorized', 'errors': [{'message': 'Authorization not found, Please send valid token'}], 'path': '', 'method': '', 'next': None, 'previous': None, 'count': None}
2023-04-28 13:45:05,981:WARNING:django.request:Unauthorized: /local/.env
2023-04-28 13:45:08,634:INFO:configs.middlewares.auth:request received for endpoint /local/.env
2023-04-28 13:45:08,634:INFO:configs.middlewares.auth:Response {'ok': False, 'message': 'Unauthorized', 'errors': [{'message': 'Authorization not found, Please send valid token'}], 'path': '', 'method': '', 'next': None, 'previous': None, 'count': None}
2023-04-28 13:45:08,634:WARNING:django.request:Unauthorized: /local/.env
2023-04-28 13:45:14,499:INFO:configs.middlewares.auth:request received for endpoint /docker/.env
2023-04-28 13:45:14,500:INFO:configs.middlewares.auth:Response {'ok': False, 'message': 'Unauthorized', 'errors': [{'message': 'Authorization not found, Please send valid token'}], 'path': '', 'method': '', 'next': None, 'previous': None, 'count': None}
2023-04-28 13:45:14,500:WARNING:django.request:Unauthorized: /docker/.env
2023-04-28 13:45:16,017:INFO:configs.middlewares.auth:request received for endpoint /docker/.env
2023-04-28 13:45:16,017:INFO:configs.middlewares.auth:Response {'ok': False, 'message': 'Unauthorized', 'errors': [{'message': 'Authorization not found, Please send valid token'}], 'path': '', 'method': '', 'next': None, 'previous': None, 'count': None}
2023-04-28 13:45:16,017:WARNING:django.request:Unauthorized: /docker/.env
2023-04-28 13:45:21,636:INFO:configs.middlewares.auth:request received for endpoint /.env
2023-04-28 13:45:21,636:INFO:configs.middlewares.auth:Response {'ok': False, 'message': 'Unauthorized', 'errors': [{'message': 'Authorization not found, Please send valid token'}], 'path': '', 'method': '', 'next': None, 'previous': None, 'count': None}
2023-04-28 13:45:21,636:WARNING:django.request:Unauthorized: /.env
2023-04-28 13:45:28,219:INFO:configs.middlewares.auth:request received for endpoint /.env
2023-04-28 13:45:28,220:INFO:configs.middlewares.auth:Response {'ok': False, 'message': 'Unauthorized', 'errors': [{'message': 'Authorization not found, Please send valid token'}], 'path': '', 'method': '', 'next': None, 'previous': None, 'count': None}
2023-04-28 13:45:28,220:WARNING:django.request:Unauthorized: /.env
2023-04-28 13:45:31,428:INFO:configs.middlewares.auth:request received for endpoint /.env.old
2023-04-28 13:45:31,428:INFO:configs.middlewares.auth:Response {'ok': False, 'message': 'Unauthorized', 'errors': [{'message': 'Authorization not found, Please send valid token'}], 'path': '', 'method': '', 'next': None, 'previous': None, 'count': None}
2023-04-28 13:45:31,429:WARNING:django.request:Unauthorized: /.env.old
2023-04-28 13:45:36,177:INFO:configs.middlewares.auth:request received for endpoint /.env.old
2023-04-28 13:45:36,178:INFO:configs.middlewares.auth:Response {'ok': False, 'message': 'Unauthorized', 'errors': [{'message': 'Authorization not found, Please send valid token'}], 'path': '', 'method': '', 'next': None, 'previous': None, 'count': None}
2023-04-28 13:45:36,178:WARNING:django.request:Unauthorized: /.env.old
2023-04-28 13:45:36,898:INFO:configs.middlewares.auth:request received for endpoint /advertisements/
2023-04-28 13:45:37,266:INFO:configs.middlewares.auth:request received for endpoint /application/.env
2023-04-28 13:45:37,266:INFO:configs.middlewares.auth:Response {'ok': False, 'message': 'Unauthorized', 'errors': [{'message': 'Authorization not found, Please send valid token'}], 'path': '', 'method': '', 'next': None, 'previous': None, 'count': None}
2023-04-28 13:45:37,266:WARNING:django.request:Unauthorized: /application/.env
2023-04-28 13:45:44,393:INFO:configs.middlewares.auth:request received for endpoint /application/.env
2023-04-28 13:45:44,393:INFO:configs.middlewares.auth:Response {'ok': False, 'message': 'Unauthorized', 'errors': [{'message': 'Authorization not found, Please send valid token'}], 'path': '', 'method': '', 'next': None, 'previous': None, 'count': None}
2023-04-28 13:45:44,394:WARNING:django.request:Unauthorized: /application/.env
2023-04-28 13:45:49,526:INFO:configs.middlewares.auth:request received for endpoint /apps/.env
2023-04-28 13:45:49,526:INFO:configs.middlewares.auth:Response {'ok': False, 'message': 'Unauthorized', 'errors': [{'message': 'Authorization not found, Please send valid token'}], 'path': '', 'method': '', 'next': None, 'previous': None, 'count': None}
2023-04-28 13:45:49,526:WARNING:django.request:Unauthorized: /apps/.env
2023-04-28 13:45:51,346:INFO:configs.middlewares.auth:request received for endpoint /advertisements/
2023-04-28 13:45:52,220:INFO:configs.middlewares.auth:request received for endpoint /advertisements/
2023-04-28 13:45:52,962:INFO:configs.middlewares.auth:request received for endpoint /advertisements/
2023-04-28 13:45:52,966:INFO:configs.middlewares.auth:request received for endpoint /apps/.env
2023-04-28 13:45:52,966:INFO:configs.middlewares.auth:Response {'ok': False, 'message': 'Unauthorized', 'errors': [{'message': 'Authorization not found, Please send valid token'}], 'path': '', 'method': '', 'next': None, 'previous': None, 'count': None}
2023-04-28 13:45:52,966:WARNING:django.request:Unauthorized: /apps/.env
2023-04-28 13:45:53,743:INFO:configs.middlewares.auth:request received for endpoint /advertisements/
2023-04-28 13:45:54,524:INFO:configs.middlewares.auth:request received for endpoint /advertisements/
2023-04-28 13:45:57,080:INFO:configs.middlewares.auth:request received for endpoint /sources/.env
2023-04-28 13:45:57,081:INFO:configs.middlewares.auth:Response {'ok': False, 'message': 'Unauthorized', 'errors': [{'message': 'Authorization not found, Please send valid token'}], 'path': '', 'method': '', 'next': None, 'previous': None, 'count': None}
2023-04-28 13:45:57,081:WARNING:django.request:Unauthorized: /sources/.env
2023-04-28 13:46:00,113:INFO:configs.middlewares.auth:request received for endpoint /sources/.env
2023-04-28 13:46:00,113:INFO:configs.middlewares.auth:Response {'ok': False, 'message': 'Unauthorized', 'errors': [{'message': 'Authorization not found, Please send valid token'}], 'path': '', 'method': '', 'next': None, 'previous': None, 'count': None}
2023-04-28 13:46:00,113:WARNING:django.request:Unauthorized: /sources/.env
2023-04-28 13:46:01,196:INFO:configs.middlewares.auth:request received for endpoint /admin-app/.env
2023-04-28 13:46:01,196:INFO:configs.middlewares.auth:Response {'ok': False, 'message': 'Unauthorized', 'errors': [{'message': 'Authorization not found, Please send valid token'}], 'path': '', 'method': '', 'next': None, 'previous': None, 'count': None}
2023-04-28 13:46:01,196:WARNING:django.request:Unauthorized: /admin-app/.env
2023-04-28 13:46:05,166:INFO:configs.middlewares.auth:request received for endpoint /admin-app/.env
2023-04-28 13:46:05,166:INFO:configs.middlewares.auth:Response {'ok': False, 'message': 'Unauthorized', 'errors': [{'message': 'Authorization not found, Please send valid token'}], 'path': '', 'method': '', 'next': None, 'previous': None, 'count': None}
2023-04-28 13:46:05,167:WARNING:django.request:Unauthorized: /admin-app/.env
2023-04-28 13:46:08,974:INFO:configs.middlewares.auth:request received for endpoint /cms/.env
2023-04-28 13:46:08,975:INFO:configs.middlewares.auth:Response {'ok': False, 'message': 'Unauthorized', 'errors': [{'message': 'Authorization not found, Please send valid token'}], 'path': '', 'method': '', 'next': None, 'previous': None, 'count': None}
2023-04-28 13:46:08,975:WARNING:django.request:Unauthorized: /cms/.env
2023-04-28 13:46:12,571:INFO:configs.middlewares.auth:request received for endpoint /cms/.env
2023-04-28 13:46:12,571:INFO:configs.middlewares.auth:Response {'ok': False, 'message': 'Unauthorized', 'errors': [{'message': 'Authorization not found, Please send valid token'}], 'path': '', 'method': '', 'next': None, 'previous': None, 'count': None}
2023-04-28 13:46:12,572:WARNING:django.request:Unauthorized: /cms/.env
2023-04-28 13:46:15,773:INFO:configs.middlewares.auth:request received for endpoint /back/.env
2023-04-28 13:46:15,774:INFO:configs.middlewares.auth:Response {'ok': False, 'message': 'Unauthorized', 'errors': [{'message': 'Authorization not found, Please send valid token'}], 'path': '', 'method': '', 'next': None, 'previous': None, 'count': None}
2023-04-28 13:46:15,774:WARNING:django.request:Unauthorized: /back/.env
2023-04-28 13:46:20,650:INFO:environ.environ:/home/ubuntu/main/egresados_sistemas/configs/.env not found - if you're not configuring your environment separately, check this.
2023-04-28 13:46:20,651:DEBUG:environ.environ:get 'SECRET_OR_KEY' casted as 'None' with default '<NoValue>'
2023-04-28 13:46:20,736:INFO:environ.environ:/home/ubuntu/main/egresados_sistemas/configs/.env not found - if you're not configuring your environment separately, check this.
2023-04-28 13:46:20,737:DEBUG:environ.environ:get 'SECRET_OR_KEY' casted as 'None' with default '<NoValue>'
2023-04-28 13:46:21,037:INFO:configs.middlewares.auth:request received for endpoint /
2023-04-28 13:46:21,037:INFO:configs.middlewares.auth:Response {'ok': False, 'message': 'Unauthorized', 'errors': [{'message': 'Authorization not found, Please send valid token'}], 'path': '', 'method': '', 'next': None, 'previous': None, 'count': None}
2023-04-28 13:46:21,038:WARNING:django.request:Unauthorized: /
2023-04-28 13:46:21,089:INFO:configs.middlewares.auth:request received for endpoint /back/.env
2023-04-28 13:46:21,089:INFO:configs.middlewares.auth:Response {'ok': False, 'message': 'Unauthorized', 'errors': [{'message': 'Authorization not found, Please send valid token'}], 'path': '', 'method': '', 'next': None, 'previous': None, 'count': None}
2023-04-28 13:46:21,089:WARNING:django.request:Unauthorized: /back/.env
2023-04-28 13:46:21,328:INFO:configs.middlewares.auth:request received for endpoint /favicon.ico
2023-04-28 13:46:21,328:INFO:configs.middlewares.auth:Response {'ok': False, 'message': 'Unauthorized', 'errors': [{'message': 'Authorization not found, Please send valid token'}], 'path': '', 'method': '', 'next': None, 'previous': None, 'count': None}
2023-04-28 13:46:21,329:WARNING:django.request:Unauthorized: /favicon.ico
2023-04-28 13:46:25,956:INFO:configs.middlewares.auth:request received for endpoint /shared/.env
2023-04-28 13:46:25,957:INFO:configs.middlewares.auth:Response {'ok': False, 'message': 'Unauthorized', 'errors': [{'message': 'Authorization not found, Please send valid token'}], 'path': '', 'method': '', 'next': None, 'previous': None, 'count': None}
2023-04-28 13:46:25,957:WARNING:django.request:Unauthorized: /shared/.env
2023-04-28 13:46:29,612:INFO:configs.middlewares.auth:request received for endpoint /advertisements/
2023-04-28 13:46:36,212:INFO:configs.middlewares.auth:request received for endpoint /shared/.env
2023-04-28 13:46:36,212:INFO:configs.middlewares.auth:Response {'ok': False, 'message': 'Unauthorized', 'errors': [{'message': 'Authorization not found, Please send valid token'}], 'path': '', 'method': '', 'next': None, 'previous': None, 'count': None}
2023-04-28 13:46:36,213:WARNING:django.request:Unauthorized: /shared/.env
2023-04-28 13:46:36,639:INFO:configs.middlewares.auth:request received for endpoint /advertisements/
2023-04-28 13:46:37,767:INFO:configs.middlewares.auth:request received for endpoint /enviroments/.env.production
2023-04-28 13:46:37,768:INFO:configs.middlewares.auth:Response {'ok': False, 'message': 'Unauthorized', 'errors': [{'message': 'Authorization not found, Please send valid token'}], 'path': '', 'method': '', 'next': None, 'previous': None, 'count': None}
2023-04-28 13:46:37,768:WARNING:django.request:Unauthorized: /enviroments/.env.production
2023-04-28 13:46:41,675:INFO:configs.middlewares.auth:request received for endpoint /enviroments/.env.production
2023-04-28 13:46:41,675:INFO:configs.middlewares.auth:Response {'ok': False, 'message': 'Unauthorized', 'errors': [{'message': 'Authorization not found, Please send valid token'}], 'path': '', 'method': '', 'next': None, 'previous': None, 'count': None}
2023-04-28 13:46:41,675:WARNING:django.request:Unauthorized: /enviroments/.env.production
2023-04-28 13:46:45,539:INFO:configs.middlewares.auth:request received for endpoint /laravel/.env
2023-04-28 13:46:45,540:INFO:configs.middlewares.auth:Response {'ok': False, 'message': 'Unauthorized', 'errors': [{'message': 'Authorization not found, Please send valid token'}], 'path': '', 'method': '', 'next': None, 'previous': None, 'count': None}
2023-04-28 13:46:45,540:WARNING:django.request:Unauthorized: /laravel/.env
2023-04-28 13:46:47,280:INFO:configs.middlewares.auth:request received for endpoint /laravel/.env
2023-04-28 13:46:47,280:INFO:configs.middlewares.auth:Response {'ok': False, 'message': 'Unauthorized', 'errors': [{'message': 'Authorization not found, Please send valid token'}], 'path': '', 'method': '', 'next': None, 'previous': None, 'count': None}
2023-04-28 13:46:47,281:WARNING:django.request:Unauthorized: /laravel/.env
2023-04-28 13:46:51,946:INFO:configs.middlewares.auth:request received for endpoint /fedex/.env
2023-04-28 13:46:51,947:INFO:configs.middlewares.auth:Response {'ok': False, 'message': 'Unauthorized', 'errors': [{'message': 'Authorization not found, Please send valid token'}], 'path': '', 'method': '', 'next': None, 'previous': None, 'count': None}
2023-04-28 13:46:51,947:WARNING:django.request:Unauthorized: /fedex/.env
2023-04-28 13:46:59,257:INFO:configs.middlewares.auth:request received for endpoint /fedex/.env
2023-04-28 13:46:59,257:INFO:configs.middlewares.auth:Response {'ok': False, 'message': 'Unauthorized', 'errors': [{'message': 'Authorization not found, Please send valid token'}], 'path': '', 'method': '', 'next': None, 'previous': None, 'count': None}
2023-04-28 13:46:59,258:WARNING:django.request:Unauthorized: /fedex/.env
2023-04-28 13:47:05,307:INFO:configs.middlewares.auth:request received for endpoint /api/.env
2023-04-28 13:47:05,307:INFO:configs.middlewares.auth:Response {'ok': False, 'message': 'Unauthorized', 'errors': [{'message': 'Authorization not found, Please send valid token'}], 'path': '', 'method': '', 'next': None, 'previous': None, 'count': None}
2023-04-28 13:47:05,307:WARNING:django.request:Unauthorized: /api/.env
2023-04-28 13:47:08,240:INFO:configs.middlewares.auth:request received for endpoint /api/.env
2023-04-28 13:47:08,241:INFO:configs.middlewares.auth:Response {'ok': False, 'message': 'Unauthorized', 'errors': [{'message': 'Authorization not found, Please send valid token'}], 'path': '', 'method': '', 'next': None, 'previous': None, 'count': None}
2023-04-28 13:47:08,241:WARNING:django.request:Unauthorized: /api/.env
2023-04-28 13:47:10,200:INFO:configs.middlewares.auth:request received for endpoint /system/.env
2023-04-28 13:47:10,201:INFO:configs.middlewares.auth:Response {'ok': False, 'message': 'Unauthorized', 'errors': [{'message': 'Authorization not found, Please send valid token'}], 'path': '', 'method': '', 'next': None, 'previous': None, 'count': None}
2023-04-28 13:47:10,201:WARNING:django.request:Unauthorized: /system/.env
2023-04-28 13:47:15,120:INFO:configs.middlewares.auth:request received for endpoint /system/.env
2023-04-28 13:47:15,121:INFO:configs.middlewares.auth:Response {'ok': False, 'message': 'Unauthorized', 'errors': [{'message': 'Authorization not found, Please send valid token'}], 'path': '', 'method': '', 'next': None, 'previous': None, 'count': None}
2023-04-28 13:47:15,121:WARNING:django.request:Unauthorized: /system/.env
2023-04-28 13:47:17,589:INFO:configs.middlewares.auth:request received for endpoint /.env.prod
2023-04-28 13:47:17,589:INFO:configs.middlewares.auth:Response {'ok': False, 'message': 'Unauthorized', 'errors': [{'message': 'Authorization not found, Please send valid token'}], 'path': '', 'method': '', 'next': None, 'previous': None, 'count': None}
2023-04-28 13:47:17,589:WARNING:django.request:Unauthorized: /.env.prod
2023-04-28 13:47:21,099:INFO:configs.middlewares.auth:request received for endpoint /.env.prod
2023-04-28 13:47:21,099:INFO:configs.middlewares.auth:Response {'ok': False, 'message': 'Unauthorized', 'errors': [{'message': 'Authorization not found, Please send valid token'}], 'path': '', 'method': '', 'next': None, 'previous': None, 'count': None}
2023-04-28 13:47:21,099:WARNING:django.request:Unauthorized: /.env.prod
2023-04-28 13:47:24,764:INFO:configs.middlewares.auth:request received for endpoint /frontend_dev.php/$
2023-04-28 13:47:24,765:INFO:configs.middlewares.auth:Response {'ok': False, 'message': 'Unauthorized', 'errors': [{'message': 'Authorization not found, Please send valid token'}], 'path': '', 'method': '', 'next': None, 'previous': None, 'count': None}
2023-04-28 13:47:24,765:WARNING:django.request:Unauthorized: /frontend_dev.php/$
2023-04-28 13:47:30,022:INFO:configs.middlewares.auth:request received for endpoint /debug/default/view
2023-04-28 13:47:30,022:INFO:configs.middlewares.auth:Response {'ok': False, 'message': 'Unauthorized', 'errors': [{'message': 'Authorization not found, Please send valid token'}], 'path': '', 'method': '', 'next': None, 'previous': None, 'count': None}
2023-04-28 13:47:30,022:WARNING:django.request:Unauthorized: /debug/default/view
2023-04-28 13:47:33,663:INFO:configs.middlewares.auth:request received for endpoint /.json
2023-04-28 13:47:33,663:INFO:configs.middlewares.auth:Response {'ok': False, 'message': 'Unauthorized', 'errors': [{'message': 'Authorization not found, Please send valid token'}], 'path': '', 'method': '', 'next': None, 'previous': None, 'count': None}
2023-04-28 13:47:33,663:WARNING:django.request:Unauthorized: /.json
2023-04-28 13:47:35,868:INFO:configs.middlewares.auth:request received for endpoint /config.json
2023-04-28 13:47:35,868:INFO:configs.middlewares.auth:Response {'ok': False, 'message': 'Unauthorized', 'errors': [{'message': 'Authorization not found, Please send valid token'}], 'path': '', 'method': '', 'next': None, 'previous': None, 'count': None}
2023-04-28 13:47:35,869:WARNING:django.request:Unauthorized: /config.json
2023-04-28 13:47:36,178:INFO:configs.middlewares.auth:request received for endpoint /advertisements/
2023-04-28 13:47:40,802:INFO:configs.middlewares.auth:request received for endpoint /_profiler/phpinfo
2023-04-28 13:47:40,802:INFO:configs.middlewares.auth:Response {'ok': False, 'message': 'Unauthorized', 'errors': [{'message': 'Authorization not found, Please send valid token'}], 'path': '', 'method': '', 'next': None, 'previous': None, 'count': None}
2023-04-28 13:47:40,803:WARNING:django.request:Unauthorized: /_profiler/phpinfo
2023-04-28 13:47:43,586:INFO:configs.middlewares.auth:request received for endpoint /info.php
2023-04-28 13:47:43,586:INFO:configs.middlewares.auth:Response {'ok': False, 'message': 'Unauthorized', 'errors': [{'message': 'Authorization not found, Please send valid token'}], 'path': '', 'method': '', 'next': None, 'previous': None, 'count': None}
2023-04-28 13:47:43,586:WARNING:django.request:Unauthorized: /info.php
2023-04-28 13:47:46,183:INFO:configs.middlewares.auth:request received for endpoint /
2023-04-28 13:47:46,183:INFO:configs.middlewares.auth:Response {'ok': False, 'message': 'Unauthorized', 'errors': [{'message': 'Authorization not found, Please send valid token'}], 'path': '', 'method': '', 'next': None, 'previous': None, 'count': None}
2023-04-28 13:47:46,184:WARNING:django.request:Unauthorized: /
2023-04-28 13:47:51,707:INFO:configs.middlewares.auth:request received for endpoint /phpinfo.php
2023-04-28 13:47:51,708:INFO:configs.middlewares.auth:Response {'ok': False, 'message': 'Unauthorized', 'errors': [{'message': 'Authorization not found, Please send valid token'}], 'path': '', 'method': '', 'next': None, 'previous': None, 'count': None}
2023-04-28 13:47:51,708:WARNING:django.request:Unauthorized: /phpinfo.php
2023-04-28 13:48:30,935:INFO:configs.middlewares.auth:request received for endpoint /advertisements/
2023-04-28 13:49:06,341:INFO:configs.middlewares.auth:request received for endpoint /advertisements/
2023-04-28 13:49:25,058:INFO:configs.middlewares.auth:request received for endpoint /advertisements/
2023-04-28 13:50:37,156:INFO:configs.middlewares.auth:request received for endpoint /advertisements/
2023-04-28 13:52:27,693:INFO:configs.middlewares.auth:request received for endpoint /advertisements/
2023-04-28 13:52:35,588:INFO:configs.middlewares.auth:request received for endpoint /advertisements/
2023-04-28 13:53:20,217:INFO:environ.environ:/home/ubuntu/main/egresados_sistemas/configs/.env not found - if you're not configuring your environment separately, check this.
2023-04-28 13:53:20,218:DEBUG:environ.environ:get 'SECRET_OR_KEY' casted as 'None' with default '<NoValue>'
2023-04-28 13:53:20,218:INFO:environ.environ:/home/ubuntu/main/egresados_sistemas/configs/.env not found - if you're not configuring your environment separately, check this.
2023-04-28 13:53:20,218:DEBUG:environ.environ:get 'SECRET_OR_KEY' casted as 'None' with default '<NoValue>'
2023-04-28 13:53:20,320:INFO:configs.middlewares.auth:request received for endpoint /advertisements/
2023-04-28 13:53:43,590:INFO:configs.middlewares.auth:request received for endpoint /advertisements/
2023-04-28 14:04:38,639:INFO:configs.middlewares.auth:request received for endpoint /advertisements/
2023-04-28 14:15:52,676:INFO:django.utils.autoreload:/media/nelson/Apacer PHD/projects/centro/sistema_egresados/configuration/urls.py changed, reloading.
2023-04-28 14:30:38,296:INFO:configs.middlewares.auth:request received for endpoint /advertisements/create/
2023-04-28 14:30:39,685:WARNING:root:{"descripcion":["This field is required."],"corregimiento":["This field is required."]}
2023-04-28 14:30:40,045:WARNING:django.request:Bad Request: /advertisements/create/
2023-04-28 14:30:53,847:INFO:configs.middlewares.auth:request received for endpoint /advertisements/create/
2023-04-28 14:30:55,014:WARNING:root:Expecting value: line 1 column 1 (char 0)
2023-04-28 14:30:55,376:WARNING:django.request:Bad Request: /advertisements/create/
2023-04-28 14:31:58,074:INFO:django.utils.autoreload:/media/nelson/Apacer PHD/projects/centro/sistema_egresados/configs/middlewares/view_responses.py changed, reloading.
2023-04-28 14:32:01,930:INFO:configs.middlewares.auth:request received for endpoint /advertisements/create/
2023-04-28 14:32:02,991:WARNING:root:Expecting value: line 1 column 1 (char 0)
2023-04-28 14:32:03,347:WARNING:django.request:Bad Request: /advertisements/create/
2023-04-28 14:32:09,712:INFO:django.utils.autoreload:/media/nelson/Apacer PHD/projects/centro/sistema_egresados/configs/middlewares/view_responses.py changed, reloading.
2023-04-28 14:32:19,578:INFO:django.utils.autoreload:/media/nelson/Apacer PHD/projects/centro/sistema_egresados/apps/classified_advertisements/api/serializers/advertissement/advertisement_serialziers.py changed, reloading.
2023-04-28 14:32:23,515:INFO:configs.middlewares.auth:request received for endpoint /advertisements/create/
2023-04-28 14:50:39,037:INFO:configs.middlewares.auth:request received for endpoint /advertisements/
2023-04-28 14:53:54,352:INFO:django.utils.autoreload:/media/nelson/Apacer PHD/projects/centro/sistema_egresados/apps/classified_advertisements/api/serializers/advertissement/advertisement_serialziers.py changed, reloading.
2023-04-28 14:59:58,954:INFO:django.utils.autoreload:/media/nelson/Apacer PHD/projects/centro/sistema_egresados/configuration/urls.py changed, reloading.
2023-04-28 15:00:04,313:INFO:configs.middlewares.auth:request received for endpoint /clear/cache
2023-04-28 15:00:05,289:WARNING:root:
<!doctype html>
<html lang="en">
<head>
  <title>Not Found</title>
</head>
<body>
  <h1>Not Found</h1><p>The requested resource was not found on this server.</p>
</body>
</html>

2023-04-28 15:00:05,289:WARNING:root:Expecting value: line 2 column 1 (char 1)
2023-04-28 15:00:05,645:WARNING:django.request:Bad Request: /clear/cache
2023-04-28 15:00:09,946:INFO:configs.middlewares.auth:request received for endpoint /clear/cache
2023-04-28 15:00:10,964:WARNING:root:
<!doctype html>
<html lang="en">
<head>
  <title>Not Found</title>
</head>
<body>
  <h1>Not Found</h1><p>The requested resource was not found on this server.</p>
</body>
</html>

2023-04-28 15:00:10,965:WARNING:root:Expecting value: line 2 column 1 (char 1)
2023-04-28 15:00:11,327:WARNING:django.request:Bad Request: /clear/cache
2023-04-28 15:00:13,079:INFO:configs.middlewares.auth:request received for endpoint /advertisements/
2023-04-28 15:00:22,092:INFO:configs.middlewares.auth:request received for endpoint /clear/cache
2023-04-28 15:00:23,198:WARNING:root:
<!doctype html>
<html lang="en">
<head>
  <title>Not Found</title>
</head>
<body>
  <h1>Not Found</h1><p>The requested resource was not found on this server.</p>
</body>
</html>

2023-04-28 15:00:23,198:WARNING:root:Expecting value: line 2 column 1 (char 1)
2023-04-28 15:00:23,542:WARNING:django.request:Bad Request: /clear/cache
2023-04-28 15:00:35,074:INFO:django.utils.autoreload:/media/nelson/Apacer PHD/projects/centro/sistema_egresados/configuration/urls.py changed, reloading.
2023-04-28 15:00:39,570:INFO:django.utils.autoreload:/media/nelson/Apacer PHD/projects/centro/sistema_egresados/configuration/urls.py changed, reloading.
2023-04-28 15:00:59,369:INFO:configs.middlewares.auth:request received for endpoint /clear/cache
2023-04-28 15:01:00,764:WARNING:root:
<!doctype html>
<html lang="en">
<head>
  <title>Not Found</title>
</head>
<body>
  <h1>Not Found</h1><p>The requested resource was not found on this server.</p>
</body>
</html>

2023-04-28 15:01:00,764:WARNING:root:Expecting value: line 2 column 1 (char 1)
2023-04-28 15:01:01,115:WARNING:django.request:Bad Request: /clear/cache
2023-04-28 15:01:11,068:INFO:django.utils.autoreload:/media/nelson/Apacer PHD/projects/centro/sistema_egresados/configs/middlewares/view_responses.py changed, reloading.
2023-04-28 15:01:15,890:INFO:configs.middlewares.auth:request received for endpoint /clear/cache
2023-04-28 15:01:16,868:WARNING:root:
<!doctype html>
<html lang="en">
<head>
  <title>Not Found</title>
</head>
<body>
  <h1>Not Found</h1><p>The requested resource was not found on this server.</p>
</body>
</html>

2023-04-28 15:01:16,869:WARNING:root:Expecting value: line 2 column 1 (char 1)
2023-04-28 15:01:17,221:WARNING:django.request:Bad Request: /clear/cache
2023-04-28 15:01:32,277:INFO:django.utils.autoreload:/media/nelson/Apacer PHD/projects/centro/sistema_egresados/configuration/urls.py changed, reloading.
2023-04-28 15:01:36,713:INFO:configs.middlewares.auth:request received for endpoint /clear/cache
2023-04-28 15:01:37,805:WARNING:root:Expecting value: line 1 column 1 (char 0)
2023-04-28 15:01:38,164:WARNING:django.request:Bad Request: /clear/cache
2023-04-28 15:02:02,689:INFO:django.utils.autoreload:/media/nelson/Apacer PHD/projects/centro/sistema_egresados/configuration/urls.py changed, reloading.
2023-04-28 15:02:06,730:INFO:configs.middlewares.auth:request received for endpoint /clear/cache
2023-04-28 15:02:07,839:WARNING:root:Expecting value: line 1 column 1 (char 0)
2023-04-28 15:02:08,192:WARNING:django.request:Bad Request: /clear/cache
2023-04-28 15:02:28,026:INFO:django.utils.autoreload:/media/nelson/Apacer PHD/projects/centro/sistema_egresados/configuration/urls.py changed, reloading.
2023-04-28 15:02:38,940:INFO:django.utils.autoreload:/media/nelson/Apacer PHD/projects/centro/sistema_egresados/configuration/urls.py changed, reloading.
2023-04-28 15:02:44,479:INFO:configs.middlewares.auth:request received for endpoint /clear/cache
2023-04-28 15:02:45,526:WARNING:root:Expecting value: line 1 column 1 (char 0)
2023-04-28 15:02:45,876:WARNING:django.request:Bad Request: /clear/cache
2023-04-28 15:02:55,498:INFO:configs.middlewares.auth:request received for endpoint /advertisements/
2023-04-28 15:03:05,030:INFO:configs.middlewares.auth:request received for endpoint /advertisements/delete/3/
2023-04-28 15:03:08,934:INFO:configs.middlewares.auth:request received for endpoint /clear/cache
2023-04-28 15:03:09,900:WARNING:root:Expecting value: line 1 column 1 (char 0)
2023-04-28 15:03:10,268:WARNING:django.request:Bad Request: /clear/cache
2023-04-28 15:03:11,587:INFO:configs.middlewares.auth:request received for endpoint /advertisements/
2023-04-28 15:04:05,291:INFO:django.utils.autoreload:/media/nelson/Apacer PHD/projects/centro/sistema_egresados/configuration/urls.py changed, reloading.
2023-04-28 15:04:10,543:INFO:configs.middlewares.auth:request received for endpoint /clear/cache
2023-04-28 15:04:11,622:WARNING:root:Expecting value: line 1 column 1 (char 0)
2023-04-28 15:04:11,978:WARNING:django.request:Bad Request: /clear/cache
2023-04-28 15:06:44,681:INFO:django.utils.autoreload:/media/nelson/Apacer PHD/projects/centro/sistema_egresados/configs/middlewares/view_responses.py changed, reloading.
2023-04-28 15:06:48,280:INFO:configs.middlewares.auth:request received for endpoint /clear/cache
2023-04-28 15:06:49,346:WARNING:root:Expecting value: line 1 column 1 (char 0)
2023-04-28 15:06:49,696:WARNING:django.request:Bad Request: /clear/cache
2023-04-28 15:06:55,309:INFO:django.utils.autoreload:/media/nelson/Apacer PHD/projects/centro/sistema_egresados/configs/middlewares/view_responses.py changed, reloading.
2023-04-28 15:07:08,047:INFO:django.utils.autoreload:/media/nelson/Apacer PHD/projects/centro/sistema_egresados/configs/middlewares/view_responses.py changed, reloading.
2023-04-28 15:07:11,789:INFO:configs.middlewares.auth:request received for endpoint /clear/cache
2023-04-28 15:07:12,853:WARNING:root:Expecting value: line 1 column 1 (char 0)
2023-04-28 15:07:13,212:WARNING:django.request:Bad Request: /clear/cache
2023-04-28 15:07:17,494:INFO:django.utils.autoreload:/media/nelson/Apacer PHD/projects/centro/sistema_egresados/configs/middlewares/view_responses.py changed, reloading.
2023-04-28 15:07:41,600:INFO:django.utils.autoreload:/media/nelson/Apacer PHD/projects/centro/sistema_egresados/configs/middlewares/view_responses.py changed, reloading.
2023-04-28 15:07:45,239:INFO:configs.middlewares.auth:request received for endpoint /clear/cache
2023-04-28 15:07:46,346:WARNING:root:Expecting value: line 1 column 1 (char 0)
2023-04-28 15:07:46,698:WARNING:django.request:Bad Request: /clear/cache
2023-04-28 15:07:53,333:INFO:django.utils.autoreload:/media/nelson/Apacer PHD/projects/centro/sistema_egresados/configs/middlewares/view_responses.py changed, reloading.
2023-04-28 15:07:56,785:INFO:configs.middlewares.auth:request received for endpoint /clear/cache
2023-04-28 15:07:57,843:WARNING:root:Expecting value: line 1 column 1 (char 0)
2023-04-28 15:07:58,194:WARNING:django.request:Bad Request: /clear/cache
2023-04-28 15:08:06,963:INFO:django.utils.autoreload:/media/nelson/Apacer PHD/projects/centro/sistema_egresados/configs/middlewares/view_responses.py changed, reloading.
2023-04-28 15:08:10,651:INFO:configs.middlewares.auth:request received for endpoint /clear/cache
2023-04-28 15:08:11,710:WARNING:root:Expecting value: line 1 column 1 (char 0)
2023-04-28 15:08:12,059:WARNING:django.request:Bad Request: /clear/cache
2023-04-28 15:08:17,574:INFO:django.utils.autoreload:/media/nelson/Apacer PHD/projects/centro/sistema_egresados/configs/middlewares/view_responses.py changed, reloading.
2023-04-28 15:08:45,655:INFO:configs.middlewares.auth:request received for endpoint /clear/cache
2023-04-28 15:08:46,899:WARNING:root:Expecting value: line 1 column 1 (char 0)
2023-04-28 15:08:47,245:WARNING:django.request:Bad Request: /clear/cache
2023-04-28 15:08:58,077:INFO:django.utils.autoreload:/media/nelson/Apacer PHD/projects/centro/sistema_egresados/configs/middlewares/view_responses.py changed, reloading.
2023-04-28 15:09:01,867:INFO:configs.middlewares.auth:request received for endpoint /clear/cache
2023-04-28 15:09:02,917:WARNING:root:Expecting value: line 1 column 1 (char 0)
2023-04-28 15:09:03,267:WARNING:django.request:Bad Request: /clear/cache
2023-04-28 15:09:35,377:INFO:django.utils.autoreload:/media/nelson/Apacer PHD/projects/centro/sistema_egresados/configs/middlewares/view_responses.py changed, reloading.
2023-04-28 15:09:39,213:INFO:configs.middlewares.auth:request received for endpoint /clear/cache
2023-04-28 15:09:40,283:WARNING:root:Expecting value: line 1 column 1 (char 0)
2023-04-28 15:09:40,626:WARNING:django.request:Bad Request: /clear/cache
2023-04-28 15:10:21,378:INFO:django.utils.autoreload:/media/nelson/Apacer PHD/projects/centro/sistema_egresados/configs/helpers/create_response.py changed, reloading.
2023-04-28 15:10:25,036:INFO:configs.middlewares.auth:request received for endpoint /clear/cache
2023-04-28 15:10:26,112:WARNING:root:Expecting value: line 1 column 1 (char 0)
2023-04-28 15:10:26,458:WARNING:django.request:Bad Request: /clear/cache
2023-04-28 15:10:35,123:INFO:django.utils.autoreload:/media/nelson/Apacer PHD/projects/centro/sistema_egresados/configs/middlewares/view_responses.py changed, reloading.
2023-04-28 15:10:38,813:INFO:configs.middlewares.auth:request received for endpoint /clear/cache
2023-04-28 15:10:46,704:INFO:django.utils.autoreload:/media/nelson/Apacer PHD/projects/centro/sistema_egresados/configs/middlewares/view_responses.py changed, reloading.
2023-04-28 15:10:52,844:INFO:configs.middlewares.auth:request received for endpoint /clear/cache
2023-04-28 15:11:09,340:INFO:django.utils.autoreload:/media/nelson/Apacer PHD/projects/centro/sistema_egresados/configs/middlewares/view_responses.py changed, reloading.
2023-04-28 15:11:13,610:INFO:configs.middlewares.auth:request received for endpoint /clear/cache
2023-04-28 15:11:14,670:WARNING:root:Expecting value: line 1 column 1 (char 0)
2023-04-28 15:11:15,025:WARNING:django.request:Bad Request: /clear/cache
2023-04-28 15:11:59,110:INFO:django.utils.autoreload:/media/nelson/Apacer PHD/projects/centro/sistema_egresados/configs/middlewares/view_responses.py changed, reloading.
2023-04-28 15:12:03,047:INFO:configs.middlewares.auth:request received for endpoint /clear/cache
2023-04-28 15:12:04,118:WARNING:root:The response content must be rendered before it can be iterated over.
2023-04-28 15:12:04,459:WARNING:django.request:Bad Request: /clear/cache
2023-04-28 15:12:18,357:INFO:django.utils.autoreload:/media/nelson/Apacer PHD/projects/centro/sistema_egresados/configs/middlewares/view_responses.py changed, reloading.
2023-04-28 15:12:29,737:INFO:django.utils.autoreload:/media/nelson/Apacer PHD/projects/centro/sistema_egresados/configs/middlewares/view_responses.py changed, reloading.
2023-04-28 15:12:55,117:INFO:configs.middlewares.auth:request received for endpoint /clear/cache
2023-04-28 15:12:56,354:WARNING:root:The response content must be rendered before it can be iterated over.
2023-04-28 15:12:56,703:WARNING:django.request:Bad Request: /clear/cache
2023-04-28 15:13:09,112:INFO:django.utils.autoreload:/media/nelson/Apacer PHD/projects/centro/sistema_egresados/configs/middlewares/view_responses.py changed, reloading.
2023-04-28 15:13:12,601:INFO:configs.middlewares.auth:request received for endpoint /clear/cache
2023-04-28 15:13:59,235:INFO:django.utils.autoreload:/media/nelson/Apacer PHD/projects/centro/sistema_egresados/configs/middlewares/view_responses.py changed, reloading.
2023-04-28 15:14:18,279:INFO:django.utils.autoreload:/media/nelson/Apacer PHD/projects/centro/sistema_egresados/configs/middlewares/view_responses.py changed, reloading.
2023-04-28 15:14:22,083:INFO:configs.middlewares.auth:request received for endpoint /clear/cache
2023-04-28 15:14:23,164:WARNING:root:The response content must be rendered before it can be iterated over.
2023-04-28 15:14:23,513:WARNING:django.request:Bad Request: /clear/cache
2023-04-28 15:15:34,245:INFO:django.utils.autoreload:/media/nelson/Apacer PHD/projects/centro/sistema_egresados/configs/middlewares/view_responses.py changed, reloading.
2023-04-28 15:15:38,205:INFO:configs.middlewares.auth:request received for endpoint /clear/cache
2023-04-28 15:16:23,413:INFO:django.utils.autoreload:/media/nelson/Apacer PHD/projects/centro/sistema_egresados/configs/middlewares/view_responses.py changed, reloading.
2023-04-28 15:16:27,031:INFO:configs.middlewares.auth:request received for endpoint /clear/cache
2023-04-28 15:16:42,482:INFO:django.utils.autoreload:/media/nelson/Apacer PHD/projects/centro/sistema_egresados/configs/middlewares/view_responses.py changed, reloading.
2023-04-28 15:16:46,649:INFO:configs.middlewares.auth:request received for endpoint /clear/cache
2023-04-28 15:17:55,334:INFO:django.utils.autoreload:/media/nelson/Apacer PHD/projects/centro/sistema_egresados/configs/middlewares/view_responses.py changed, reloading.
2023-04-28 15:17:59,196:INFO:configs.middlewares.auth:request received for endpoint /clear/cache
2023-04-28 15:18:38,075:INFO:django.utils.autoreload:/media/nelson/Apacer PHD/projects/centro/sistema_egresados/configs/middlewares/view_responses.py changed, reloading.
2023-04-28 15:18:42,142:INFO:configs.middlewares.auth:request received for endpoint /clear/cache
2023-04-28 15:20:24,803:INFO:django.utils.autoreload:/media/nelson/Apacer PHD/projects/centro/sistema_egresados/configs/middlewares/view_responses.py changed, reloading.
2023-04-28 15:20:31,206:INFO:configs.middlewares.auth:request received for endpoint /advertisements/create/
2023-04-28 15:20:36,313:INFO:configs.middlewares.auth:request received for endpoint /advertisements/
2023-04-28 15:20:39,327:WARNING:root:The response content must be rendered before it can be iterated over.
2023-04-28 15:20:39,682:WARNING:django.request:Bad Request: /advertisements/
2023-04-28 15:20:50,834:INFO:django.utils.autoreload:/media/nelson/Apacer PHD/projects/centro/sistema_egresados/configs/middlewares/view_responses.py changed, reloading.
2023-04-28 15:20:54,390:INFO:configs.middlewares.auth:request received for endpoint /advertisements/
2023-04-28 15:20:55,575:WARNING:root:The response content must be rendered before it can be iterated over.
2023-04-28 15:20:55,930:WARNING:django.request:Bad Request: /advertisements/
2023-04-28 15:21:14,172:INFO:django.utils.autoreload:/media/nelson/Apacer PHD/projects/centro/sistema_egresados/configs/middlewares/view_responses.py changed, reloading.
2023-04-28 15:21:20,320:INFO:django.utils.autoreload:/media/nelson/Apacer PHD/projects/centro/sistema_egresados/configs/middlewares/view_responses.py changed, reloading.
2023-04-28 15:21:45,847:INFO:configs.middlewares.auth:request received for endpoint /advertisements/
2023-04-28 15:21:47,185:WARNING:root:The response content must be rendered before it can be iterated over.
2023-04-28 15:21:47,553:WARNING:django.request:Bad Request: /advertisements/
2023-04-28 15:21:54,360:INFO:django.utils.autoreload:/media/nelson/Apacer PHD/projects/centro/sistema_egresados/configs/middlewares/view_responses.py changed, reloading.
2023-04-28 15:21:59,894:INFO:configs.middlewares.auth:request received for endpoint /advertisements/
2023-04-28 15:22:26,581:INFO:django.utils.autoreload:/media/nelson/Apacer PHD/projects/centro/sistema_egresados/configs/middlewares/view_responses.py changed, reloading.
2023-04-28 15:22:30,341:INFO:configs.middlewares.auth:request received for endpoint /advertisements/
2023-04-28 15:22:31,505:WARNING:root:The response content must be rendered before it can be iterated over.
2023-04-28 15:22:31,858:WARNING:django.request:Bad Request: /advertisements/
2023-04-28 15:22:47,917:INFO:django.utils.autoreload:/media/nelson/Apacer PHD/projects/centro/sistema_egresados/configs/middlewares/view_responses.py changed, reloading.
2023-04-28 15:22:51,439:INFO:configs.middlewares.auth:request received for endpoint /advertisements/
2023-04-28 15:22:52,936:WARNING:root:The response content must be rendered before it can be iterated over.
2023-04-28 15:22:53,297:WARNING:django.request:Bad Request: /advertisements/
2023-04-28 15:23:54,736:INFO:django.utils.autoreload:/media/nelson/Apacer PHD/projects/centro/sistema_egresados/configs/helpers/create_response.py changed, reloading.
2023-04-28 15:23:58,415:INFO:configs.middlewares.auth:request received for endpoint /advertisements/
2023-04-28 15:24:13,054:INFO:configs.middlewares.auth:request received for endpoint /advertisements/delete/10/
2023-04-28 15:24:16,960:INFO:configs.middlewares.auth:request received for endpoint /advertisements/
2023-04-28 15:35:40,053:INFO:configs.middlewares.auth:request received for endpoint /eventos/tipos/
2023-04-28 15:35:40,145:INFO:configs.middlewares.auth:request received for endpoint /eventos/areas/
2023-04-28 15:35:47,596:INFO:configs.middlewares.auth:request received for endpoint /advertisements/capacitaciones/
2023-04-28 15:35:47,598:INFO:configs.middlewares.auth:request received for endpoint /advertisements/category/
2023-04-28 15:36:03,660:INFO:configs.middlewares.auth:request received for endpoint /advertisements/query/
2023-04-28 15:36:44,646:INFO:django.utils.autoreload:/media/nelson/Apacer PHD/projects/centro/sistema_egresados/configs/middlewares/view_responses.py changed, reloading.
2023-04-28 15:37:19,520:INFO:django.utils.autoreload:/media/nelson/Apacer PHD/projects/centro/sistema_egresados/apps/classified_advertisements/api/views/advertisement/views.py changed, reloading.
2023-04-28 15:37:49,256:INFO:django.utils.autoreload:/media/nelson/Apacer PHD/projects/centro/sistema_egresados/apps/classified_advertisements/api/serializers/advertissement/advertisement_serialziers.py changed, reloading.
2023-04-28 15:38:47,232:INFO:configs.middlewares.auth:request received for endpoint /advertisements/create/
2023-04-28 15:38:50,490:INFO:configs.middlewares.auth:request received for endpoint /advertisements/category/
2023-04-28 15:39:12,512:INFO:configs.middlewares.auth:request received for endpoint /advertisements/
2023-04-28 15:39:42,854:INFO:django.utils.autoreload:/media/nelson/Apacer PHD/projects/centro/sistema_egresados/apps/classified_advertisements/api/serializers/advertissement/advertisement_serialziers.py changed, reloading.
2023-04-28 15:39:53,204:INFO:django.utils.autoreload:/media/nelson/Apacer PHD/projects/centro/sistema_egresados/apps/classified_advertisements/api/serializers/advertissement/advertisement_serialziers.py changed, reloading.
2023-04-28 15:39:58,282:INFO:django.utils.autoreload:/media/nelson/Apacer PHD/projects/centro/sistema_egresados/apps/classified_advertisements/api/serializers/advertissement/advertisement_serialziers.py changed, reloading.
2023-04-28 15:40:09,433:INFO:configs.middlewares.auth:request received for endpoint /advertisements/query/
2023-04-28 15:40:33,451:INFO:configs.middlewares.auth:request received for endpoint /advertisements/create/
2023-04-28 15:40:34,524:WARNING:root:The response content must be rendered before it can be iterated over.
2023-04-28 15:40:34,525:WARNING:django.request:Bad Request: /advertisements/create/
2023-04-28 15:41:00,103:INFO:django.utils.autoreload:/media/nelson/Apacer PHD/projects/centro/sistema_egresados/apps/classified_advertisements/api/serializers/advertissement/advertisement_serialziers.py changed, reloading.
2023-04-28 15:41:09,387:INFO:configs.middlewares.auth:request received for endpoint /advertisements/create/
2023-04-28 15:41:10,620:WARNING:root:The response content must be rendered before it can be iterated over.
2023-04-28 15:41:10,621:WARNING:django.request:Bad Request: /advertisements/create/
2023-04-28 15:42:36,217:INFO:configs.middlewares.auth:request received for endpoint /advertisements/create/
2023-04-28 15:42:37,275:WARNING:root:The response content must be rendered before it can be iterated over.
2023-04-28 15:42:37,276:WARNING:django.request:Bad Request: /advertisements/create/
2023-04-28 16:08:08,119:INFO:configs.middlewares.auth:request received for endpoint /eventos/
2023-04-28 16:08:26,603:INFO:configs.middlewares.auth:request received for endpoint /pqrs/respuesta/create/
2023-04-28 16:08:27,792:WARNING:root:{"anexo":["No file was submitted."]}
2023-04-28 16:08:28,239:WARNING:django.request:Bad Request: /pqrs/respuesta/create/
2023-04-28 16:11:02,128:INFO:django.utils.autoreload:/media/nelson/Apacer PHD/projects/centro/sistema_egresados/configs/helpers/create_response.py changed, reloading.
2023-04-28 16:11:06,444:INFO:configs.middlewares.auth:request received for endpoint /pqrs/respuesta/create/
2023-04-28 16:11:07,522:WARNING:root:{"anexo":["No file was submitted."]}
2023-04-28 16:11:07,964:WARNING:django.request:Bad Request: /pqrs/respuesta/create/
2023-04-28 16:11:15,223:INFO:django.utils.autoreload:/media/nelson/Apacer PHD/projects/centro/sistema_egresados/configs/helpers/create_response.py changed, reloading.
2023-04-28 16:11:21,139:INFO:django.utils.autoreload:/media/nelson/Apacer PHD/projects/centro/sistema_egresados/configs/helpers/create_response.py changed, reloading.
2023-04-28 16:11:33,381:INFO:django.utils.autoreload:/media/nelson/Apacer PHD/projects/centro/sistema_egresados/configs/helpers/create_response.py changed, reloading.
2023-04-28 16:11:38,023:INFO:configs.middlewares.auth:request received for endpoint /pqrs/respuesta/create/
2023-04-28 16:11:39,088:WARNING:root:{"anexo":["No file was submitted."]}
2023-04-28 16:11:39,538:WARNING:django.request:Bad Request: /pqrs/respuesta/create/
2023-04-28 16:11:56,862:INFO:configs.middlewares.auth:request received for endpoint /clear/cache
2023-04-28 16:11:58,081:WARNING:root:The response content must be rendered before it can be iterated over.
2023-04-28 16:11:58,436:WARNING:django.request:Bad Request: /clear/cache
2023-04-28 16:12:08,623:INFO:django.utils.autoreload:/media/nelson/Apacer PHD/projects/centro/sistema_egresados/configs/helpers/create_response.py changed, reloading.
2023-04-28 16:12:12,346:INFO:configs.middlewares.auth:request received for endpoint /clear/cache
2023-04-28 16:12:13,414:WARNING:root:The response content must be rendered before it can be iterated over.
2023-04-28 16:12:13,757:WARNING:django.request:Bad Request: /clear/cache
2023-04-28 16:12:21,297:INFO:django.utils.autoreload:/media/nelson/Apacer PHD/projects/centro/sistema_egresados/configs/helpers/create_response.py changed, reloading.
2023-04-28 16:12:25,007:INFO:configs.middlewares.auth:request received for endpoint /clear/cache
2023-04-28 16:12:26,072:WARNING:root:The response content must be rendered before it can be iterated over.
2023-04-28 16:12:26,407:WARNING:django.request:Bad Request: /clear/cache
2023-04-28 16:12:40,589:INFO:django.utils.autoreload:/media/nelson/Apacer PHD/projects/centro/sistema_egresados/configs/helpers/create_response.py changed, reloading.
2023-04-28 16:12:47,968:INFO:configs.middlewares.auth:request received for endpoint /clear/cache
2023-04-28 16:12:49,361:WARNING:root:The response content must be rendered before it can be iterated over.
2023-04-28 16:12:49,717:WARNING:django.request:Bad Request: /clear/cache
2023-04-28 16:13:27,726:INFO:django.utils.autoreload:/media/nelson/Apacer PHD/projects/centro/sistema_egresados/configs/helpers/create_response.py changed, reloading.
2023-04-28 16:13:31,927:INFO:configs.middlewares.auth:request received for endpoint /clear/cache
2023-04-28 16:13:32,988:WARNING:root:The response content must be rendered before it can be iterated over.
2023-04-28 16:13:33,341:WARNING:django.request:Bad Request: /clear/cache
2023-04-28 16:13:43,727:INFO:django.utils.autoreload:/media/nelson/Apacer PHD/projects/centro/sistema_egresados/configs/helpers/create_response.py changed, reloading.
2023-04-28 16:13:47,893:INFO:configs.middlewares.auth:request received for endpoint /clear/cache
2023-04-28 16:13:48,944:WARNING:root:The response content must be rendered before it can be iterated over.
2023-04-28 16:13:49,308:WARNING:django.request:Bad Request: /clear/cache
2023-04-28 16:14:13,849:INFO:django.utils.autoreload:/media/nelson/Apacer PHD/projects/centro/sistema_egresados/configs/helpers/create_response.py changed, reloading.
2023-04-28 16:14:18,158:INFO:configs.middlewares.auth:request received for endpoint /clear/cache
2023-04-28 16:14:19,258:WARNING:root:The response content must be rendered before it can be iterated over.
2023-04-28 16:14:19,621:WARNING:django.request:Bad Request: /clear/cache
2023-04-28 16:14:26,791:INFO:django.utils.autoreload:/media/nelson/Apacer PHD/projects/centro/sistema_egresados/configs/helpers/create_response.py changed, reloading.
2023-04-28 16:14:31,479:INFO:configs.middlewares.auth:request received for endpoint /clear/cache
2023-04-28 16:14:32,558:WARNING:root:The response content must be rendered before it can be iterated over.
2023-04-28 16:14:32,920:WARNING:django.request:Bad Request: /clear/cache
2023-04-28 16:14:42,903:INFO:django.utils.autoreload:/media/nelson/Apacer PHD/projects/centro/sistema_egresados/configs/helpers/create_response.py changed, reloading.
2023-04-28 16:14:46,809:INFO:configs.middlewares.auth:request received for endpoint /clear/cache
2023-04-28 16:14:47,867:WARNING:root:The response content must be rendered before it can be iterated over.
2023-04-28 16:14:48,216:WARNING:django.request:Bad Request: /clear/cache
2023-04-28 16:15:30,926:INFO:django.utils.autoreload:/media/nelson/Apacer PHD/projects/centro/sistema_egresados/configs/helpers/create_response.py changed, reloading.
2023-04-28 16:16:47,600:INFO:django.utils.autoreload:/media/nelson/Apacer PHD/projects/centro/sistema_egresados/configs/helpers/create_response.py changed, reloading.
2023-04-28 16:16:51,201:INFO:configs.middlewares.auth:request received for endpoint /clear/cache
2023-04-28 16:21:25,842:INFO:django.utils.autoreload:/media/nelson/Apacer PHD/projects/centro/sistema_egresados/configs/helpers/create_response.py changed, reloading.
2023-04-28 16:21:42,382:INFO:configs.middlewares.auth:request received for endpoint /advertisements/
2023-04-28 16:22:03,510:INFO:django.utils.autoreload:/media/nelson/Apacer PHD/projects/centro/sistema_egresados/configs/helpers/create_response.py changed, reloading.
2023-04-28 16:22:07,132:INFO:configs.middlewares.auth:request received for endpoint /advertisements/
2023-04-28 16:22:10,769:INFO:configs.middlewares.auth:request received for endpoint /advertisements/
2023-04-28 16:22:15,383:INFO:configs.middlewares.auth:request received for endpoint /clear/cache
2023-04-28 16:22:18,249:INFO:configs.middlewares.auth:request received for endpoint /advertisements/
2023-04-28 16:22:52,282:INFO:configs.middlewares.auth:request received for endpoint /advertisements/
2023-04-28 16:22:55,072:INFO:configs.middlewares.auth:request received for endpoint /advertisements/
2023-04-28 16:23:07,605:INFO:django.utils.autoreload:/media/nelson/Apacer PHD/projects/centro/sistema_egresados/configs/helpers/create_response.py changed, reloading.
2023-04-28 16:23:11,332:INFO:configs.middlewares.auth:request received for endpoint /advertisements/
2023-04-28 16:23:31,080:INFO:django.utils.autoreload:/media/nelson/Apacer PHD/projects/centro/sistema_egresados/configs/helpers/create_response.py changed, reloading.
2023-04-28 16:23:35,511:INFO:configs.middlewares.auth:request received for endpoint /advertisements/
2023-04-28 16:23:49,119:INFO:django.utils.autoreload:/media/nelson/Apacer PHD/projects/centro/sistema_egresados/configs/helpers/create_response.py changed, reloading.
2023-04-28 16:23:52,990:INFO:configs.middlewares.auth:request received for endpoint /advertisements/
2023-04-28 16:23:58,976:INFO:configs.middlewares.auth:request received for endpoint /clear/cache
2023-04-28 16:26:01,181:INFO:django.utils.autoreload:/media/nelson/Apacer PHD/projects/centro/sistema_egresados/configs/helpers/create_response.py changed, reloading.
2023-04-28 16:26:07,386:INFO:configs.middlewares.auth:request received for endpoint /advertisements/
2023-04-28 16:26:27,116:INFO:django.utils.autoreload:/media/nelson/Apacer PHD/projects/centro/sistema_egresados/configs/helpers/create_response.py changed, reloading.
2023-04-28 16:26:31,203:INFO:configs.middlewares.auth:request received for endpoint /advertisements/
2023-04-28 16:26:39,418:INFO:configs.middlewares.auth:request received for endpoint /clear/cache
2023-04-28 16:26:40,560:WARNING:root:The response content must be rendered before it can be iterated over.
2023-04-28 16:26:40,910:WARNING:django.request:Bad Request: /clear/cache
2023-04-28 16:27:07,480:INFO:django.utils.autoreload:/media/nelson/Apacer PHD/projects/centro/sistema_egresados/configs/helpers/create_response.py changed, reloading.
2023-04-28 16:27:10,987:INFO:configs.middlewares.auth:request received for endpoint /clear/cache
2023-04-28 16:27:12,064:WARNING:root:The response content must be rendered before it can be iterated over.
2023-04-28 16:27:12,414:WARNING:django.request:Bad Request: /clear/cache
2023-04-28 16:27:31,801:INFO:django.utils.autoreload:/media/nelson/Apacer PHD/projects/centro/sistema_egresados/configs/helpers/create_response.py changed, reloading.
2023-04-28 16:27:35,718:INFO:configs.middlewares.auth:request received for endpoint /clear/cache
2023-04-28 16:27:55,446:INFO:django.utils.autoreload:/media/nelson/Apacer PHD/projects/centro/sistema_egresados/configs/helpers/create_response.py changed, reloading.
2023-04-28 16:27:59,035:INFO:configs.middlewares.auth:request received for endpoint /clear/cache
2023-04-28 16:28:03,006:INFO:configs.middlewares.auth:request received for endpoint /advertisements/
2023-04-28 16:28:23,250:INFO:django.utils.autoreload:/media/nelson/Apacer PHD/projects/centro/sistema_egresados/configs/helpers/create_response.py changed, reloading.
2023-04-28 16:28:28,624:INFO:configs.middlewares.auth:request received for endpoint /advertisements/
2023-04-28 16:28:45,420:INFO:configs.middlewares.auth:request received for endpoint /clear/cache
2023-04-28 16:29:06,106:INFO:django.utils.autoreload:/media/nelson/Apacer PHD/projects/centro/sistema_egresados/configs/helpers/create_response.py changed, reloading.
2023-04-28 16:29:10,142:INFO:configs.middlewares.auth:request received for endpoint /clear/cache
2023-04-28 16:32:25,913:INFO:django.utils.autoreload:/media/nelson/Apacer PHD/projects/centro/sistema_egresados/configuration/urls.py changed, reloading.
2023-04-28 16:32:53,133:INFO:django.utils.autoreload:/media/nelson/Apacer PHD/projects/centro/sistema_egresados/configs/helpers/create_response.py changed, reloading.
2023-04-28 16:33:16,190:INFO:configs.middlewares.auth:request received for endpoint /clear/cache
2023-04-28 16:33:29,075:INFO:configs.middlewares.auth:request received for endpoint /advertisements/
2023-04-28 16:33:43,143:INFO:django.utils.autoreload:/media/nelson/Apacer PHD/projects/centro/sistema_egresados/configs/helpers/create_response.py changed, reloading.
2023-04-28 16:33:46,941:INFO:configs.middlewares.auth:request received for endpoint /advertisements/
2023-04-28 16:34:54,669:INFO:django.utils.autoreload:/media/nelson/Apacer PHD/projects/centro/sistema_egresados/configs/helpers/create_response.py changed, reloading.
2023-04-28 16:34:58,265:INFO:configs.middlewares.auth:request received for endpoint /advertisements/
2023-04-28 16:35:09,753:INFO:configs.middlewares.auth:request received for endpoint /clear/cache
2023-04-28 16:35:23,407:INFO:django.utils.autoreload:/media/nelson/Apacer PHD/projects/centro/sistema_egresados/configs/helpers/create_response.py changed, reloading.
2023-04-28 16:35:27,028:INFO:configs.middlewares.auth:request received for endpoint /clear/cache
2023-04-28 16:35:29,899:INFO:configs.middlewares.auth:request received for endpoint /advertisements/
2023-04-28 17:21:09,819:INFO:configs.middlewares.auth:request received for endpoint /eventos/
2023-04-28 17:21:10,770:WARNING:django.security.SuspiciousSession:Session data corrupted
2023-04-28 17:21:10,770:INFO:configs.middlewares.auth:Response {'ok': False, 'message': 'Unauthorized', 'errors': [{'message': ['Authorization has failed, Please send valid token.']}], 'path': '', 'method': '', 'next': None, 'previous': None, 'count': None}
2023-04-28 17:21:11,123:WARNING:django.request:Unauthorized: /eventos/
2023-04-28 17:21:18,993:INFO:configs.middlewares.auth:request received for endpoint /eventos/
2023-04-28 17:21:47,169:INFO:django.utils.autoreload:/media/nelson/Apacer PHD/projects/centro/sistema_egresados/configs/helpers/create_response.py changed, reloading.
2023-04-28 17:21:50,854:INFO:configs.middlewares.auth:request received for endpoint /eventos/
2023-04-28 17:22:03,367:INFO:django.utils.autoreload:/media/nelson/Apacer PHD/projects/centro/sistema_egresados/configs/helpers/create_response.py changed, reloading.
2023-04-28 17:22:06,759:INFO:configs.middlewares.auth:request received for endpoint /eventos/
2023-04-28 17:22:23,487:INFO:django.utils.autoreload:/media/nelson/Apacer PHD/projects/centro/sistema_egresados/configs/helpers/create_response.py changed, reloading.
2023-04-28 17:22:27,341:INFO:configs.middlewares.auth:request received for endpoint /eventos/
2023-04-28 17:24:52,110:INFO:django.utils.autoreload:/media/nelson/Apacer PHD/projects/centro/sistema_egresados/configs/helpers/create_response.py changed, reloading.
2023-04-28 17:24:56,082:INFO:configs.middlewares.auth:request received for endpoint /eventos/
2023-04-28 17:25:19,987:INFO:django.utils.autoreload:/media/nelson/Apacer PHD/projects/centro/sistema_egresados/configs/helpers/create_response.py changed, reloading.
2023-04-28 17:25:24,080:INFO:configs.middlewares.auth:request received for endpoint /eventos/
2023-04-28 17:25:29,759:INFO:django.utils.autoreload:/media/nelson/Apacer PHD/projects/centro/sistema_egresados/configs/helpers/create_response.py changed, reloading.
2023-04-28 17:25:37,206:INFO:django.utils.autoreload:/media/nelson/Apacer PHD/projects/centro/sistema_egresados/configs/helpers/create_response.py changed, reloading.
2023-04-28 17:25:40,839:INFO:configs.middlewares.auth:request received for endpoint /eventos/
2023-04-28 18:39:09,878:INFO:configs.middlewares.auth:request received for endpoint /advertisements/category/
2023-04-28 18:39:18,730:INFO:configs.middlewares.auth:request received for endpoint /advertisements/
2023-04-28 18:39:26,894:INFO:configs.middlewares.auth:request received for endpoint /advertisements/category/
2023-04-28 18:41:06,421:INFO:django.utils.autoreload:/media/nelson/Apacer PHD/projects/centro/sistema_egresados/configs/middlewares/view_responses.py changed, reloading.
2023-04-28 18:41:10,706:INFO:configs.middlewares.auth:request received for endpoint /advertisements/category/
2023-04-28 18:41:17,438:INFO:configs.middlewares.auth:request received for endpoint /advertisements/
2023-04-28 18:41:35,450:INFO:configs.middlewares.auth:request received for endpoint /eventos/
2023-04-28 18:41:59,268:INFO:django.utils.autoreload:/media/nelson/Apacer PHD/projects/centro/sistema_egresados/configs/helpers/create_response.py changed, reloading.
2023-04-28 18:42:04,152:INFO:configs.middlewares.auth:request received for endpoint /advertisements/category/
2023-04-28 18:42:14,261:INFO:django.utils.autoreload:/media/nelson/Apacer PHD/projects/centro/sistema_egresados/configs/helpers/create_response.py changed, reloading.
2023-04-28 18:42:23,348:INFO:configs.middlewares.auth:request received for endpoint /clear/cache
2023-04-28 18:42:33,690:INFO:django.utils.autoreload:/media/nelson/Apacer PHD/projects/centro/sistema_egresados/configs/helpers/create_response.py changed, reloading.
2023-04-28 18:42:37,375:INFO:django.utils.autoreload:/media/nelson/Apacer PHD/projects/centro/sistema_egresados/configs/helpers/create_response.py changed, reloading.
2023-04-28 18:42:41,582:INFO:configs.middlewares.auth:request received for endpoint /clear/cache
2023-04-28 18:52:22,322:INFO:configs.middlewares.auth:request received for endpoint /advertisements/category/
2023-04-28 18:59:46,121:INFO:django.utils.autoreload:/media/nelson/Apacer PHD/projects/centro/sistema_egresados/apps/pqrs/api/serializers/respuesta/respuesta_serializers.py changed, reloading.
2023-04-28 18:59:54,712:INFO:django.utils.autoreload:/media/nelson/Apacer PHD/projects/centro/sistema_egresados/apps/pqrs/api/serializers/respuesta/respuesta_serializers.py changed, reloading.
2023-04-28 19:00:48,812:INFO:django.utils.autoreload:/media/nelson/Apacer PHD/projects/centro/sistema_egresados/apps/pqrs/api/serializers/respuesta/respuesta_serializers.py changed, reloading.
2023-04-28 19:12:18,068:INFO:configs.middlewares.auth:request received for endpoint /pqrs/respuesta/
2023-04-28 19:12:48,536:INFO:django.utils.autoreload:/media/nelson/Apacer PHD/projects/centro/sistema_egresados/apps/pqrs/api/views/respuesta/view.py changed, reloading.
2023-04-28 19:12:52,801:INFO:configs.middlewares.auth:request received for endpoint /pqrs/respuesta/
2023-04-28 19:13:21,689:INFO:configs.middlewares.auth:request received for endpoint /pqrs/respuesta/
2023-04-28 19:13:35,041:INFO:configs.middlewares.auth:request received for endpoint /pqrs/respuesta/query/
2023-04-28 19:13:40,654:INFO:configs.middlewares.auth:request received for endpoint /pqrs/respuesta/query/
2023-04-28 19:13:59,975:INFO:django.utils.autoreload:/media/nelson/Apacer PHD/projects/centro/sistema_egresados/apps/pqrs/api/views/respuesta/view.py changed, reloading.
2023-04-28 19:14:33,888:INFO:django.utils.autoreload:/media/nelson/Apacer PHD/projects/centro/sistema_egresados/configs/helpers/create_response.py changed, reloading.
2023-04-28 19:14:37,803:INFO:configs.middlewares.auth:request received for endpoint /pqrs/respuesta/create/
2023-04-28 19:14:38,974:WARNING:root:The response content must be rendered before it can be iterated over.
2023-04-28 19:14:39,330:WARNING:django.request:Bad Request: /pqrs/respuesta/create/
2023-04-28 19:14:51,439:INFO:django.utils.autoreload:/media/nelson/Apacer PHD/projects/centro/sistema_egresados/configs/helpers/create_response.py changed, reloading.
2023-04-28 19:15:01,096:INFO:configs.middlewares.auth:request received for endpoint /pqrs/respuesta/create/
2023-04-28 19:15:13,054:INFO:django.utils.autoreload:/media/nelson/Apacer PHD/projects/centro/sistema_egresados/configs/helpers/create_response.py changed, reloading.
2023-04-28 19:15:24,717:INFO:django.utils.autoreload:/media/nelson/Apacer PHD/projects/centro/sistema_egresados/configs/middlewares/view_responses.py changed, reloading.
2023-04-28 19:15:28,775:INFO:configs.middlewares.auth:request received for endpoint /pqrs/respuesta/create/
2023-04-28 19:15:38,882:INFO:django.utils.autoreload:/media/nelson/Apacer PHD/projects/centro/sistema_egresados/configs/middlewares/view_responses.py changed, reloading.
2023-04-28 19:15:56,874:INFO:django.utils.autoreload:/media/nelson/Apacer PHD/projects/centro/sistema_egresados/apps/pqrs/api/views/respuesta/view.py changed, reloading.
2023-04-28 19:16:15,936:INFO:django.utils.autoreload:/media/nelson/Apacer PHD/projects/centro/sistema_egresados/apps/pqrs/api/serializers/respuesta/respuesta_serializers.py changed, reloading.
2023-04-28 19:16:19,899:INFO:configs.middlewares.auth:request received for endpoint /pqrs/respuesta/create/
2023-04-28 19:16:26,981:INFO:django.utils.autoreload:/media/nelson/Apacer PHD/projects/centro/sistema_egresados/apps/pqrs/api/serializers/respuesta/respuesta_serializers.py changed, reloading.
2023-04-28 19:16:31,050:INFO:configs.middlewares.auth:request received for endpoint /pqrs/respuesta/create/
2023-04-28 19:16:36,105:INFO:django.utils.autoreload:/media/nelson/Apacer PHD/projects/centro/sistema_egresados/apps/pqrs/api/serializers/respuesta/respuesta_serializers.py changed, reloading.
2023-04-28 19:16:44,027:INFO:django.utils.autoreload:/media/nelson/Apacer PHD/projects/centro/sistema_egresados/apps/pqrs/api/views/respuesta/view.py changed, reloading.
2023-04-28 19:16:48,287:INFO:configs.middlewares.auth:request received for endpoint /pqrs/respuesta/create/
2023-04-28 19:16:58,383:INFO:django.utils.autoreload:/media/nelson/Apacer PHD/projects/centro/sistema_egresados/apps/pqrs/api/views/respuesta/view.py changed, reloading.
2023-04-28 19:17:08,518:INFO:django.utils.autoreload:/media/nelson/Apacer PHD/projects/centro/sistema_egresados/apps/pqrs/api/serializers/respuesta/respuesta_serializers.py changed, reloading.
2023-04-28 19:17:12,392:INFO:configs.middlewares.auth:request received for endpoint /pqrs/respuesta/create/
2023-04-28 19:17:50,300:INFO:django.utils.autoreload:/media/nelson/Apacer PHD/projects/centro/sistema_egresados/apps/pqrs/api/serializers/respuesta/respuesta_serializers.py changed, reloading.
2023-04-28 19:17:54,793:INFO:configs.middlewares.auth:request received for endpoint /pqrs/respuesta/create/
2023-04-28 19:17:59,314:INFO:configs.middlewares.auth:request received for endpoint /pqrs/respuesta/
2023-04-28 19:18:28,310:INFO:django.utils.autoreload:/media/nelson/Apacer PHD/projects/centro/sistema_egresados/apps/pqrs/models/models.py changed, reloading.
2023-04-28 19:18:32,203:INFO:configs.middlewares.auth:request received for endpoint /pqrs/respuesta/
2023-04-28 19:19:46,408:INFO:django.utils.autoreload:/media/nelson/Apacer PHD/projects/centro/sistema_egresados/apps/pqrs/models/models.py changed, reloading.
2023-04-28 19:19:50,245:INFO:configs.middlewares.auth:request received for endpoint /pqrs/respuesta/
2023-04-28 19:20:05,870:INFO:django.utils.autoreload:/media/nelson/Apacer PHD/projects/centro/sistema_egresados/apps/pqrs/api/serializers/respuesta/respuesta_serializers.py changed, reloading.
2023-04-28 19:20:31,119:INFO:configs.middlewares.auth:request received for endpoint /pqrs/respuesta/
2023-04-28 19:20:43,724:INFO:configs.middlewares.auth:request received for endpoint /clear/cache
2023-04-28 19:20:46,978:INFO:configs.middlewares.auth:request received for endpoint /pqrs/respuesta/
2023-04-28 19:31:15,608:INFO:configs.middlewares.auth:request received for endpoint /advertisements/
2023-04-28 19:42:00,184:INFO:django.utils.autoreload:/media/nelson/Apacer PHD/projects/centro/sistema_egresados/configuration/settings.py changed, reloading.
2023-04-28 19:42:16,663:INFO:django.utils.autoreload:/media/nelson/Apacer PHD/projects/centro/sistema_egresados/configuration/settings.py changed, reloading.
2023-04-28 19:42:40,345:WARNING:root:The response content must be rendered before it can be iterated over.
2023-04-28 19:42:40,345:WARNING:django.request:Bad Request: /eventos/
2023-04-28 19:42:40,434:WARNING:root:
<!doctype html>
<html lang="en">
<head>
  <title>Not Found</title>
</head>
<body>
  <h1>Not Found</h1><p>The requested resource was not found on this server.</p>
</body>
</html>

2023-04-28 19:42:40,435:WARNING:django.request:Not Found: /favicon.ico
2023-04-28 19:42:45,966:INFO:django.utils.autoreload:/media/nelson/Apacer PHD/projects/centro/sistema_egresados/configuration/settings.py changed, reloading.
2023-04-28 22:06:49,180:INFO:configs.middlewares.auth:request received for endpoint /advertisements/query/
2023-04-28 22:06:50,461:WARNING:root:The response content must be rendered before it can be iterated over.
2023-04-28 22:06:50,868:WARNING:django.request:Bad Request: /advertisements/query/
2023-04-28 22:06:54,499:INFO:configs.middlewares.auth:request received for endpoint /advertisements/
2023-04-28 22:07:16,310:INFO:django.utils.autoreload:/media/nelson/Apacer PHD/projects/centro/sistema_egresados/configs/middlewares/view_responses.py changed, reloading.
2023-04-28 22:07:19,938:INFO:configs.middlewares.auth:request received for endpoint /advertisements/query/
2023-04-28 22:07:21,420:WARNING:root:The response content must be rendered before it can be iterated over.
2023-04-28 22:07:21,896:WARNING:django.request:Bad Request: /advertisements/query/
2023-04-28 22:07:29,269:INFO:django.utils.autoreload:/media/nelson/Apacer PHD/projects/centro/sistema_egresados/configs/middlewares/view_responses.py changed, reloading.
2023-04-28 22:07:33,033:INFO:configs.middlewares.auth:request received for endpoint /advertisements/query/
2023-04-28 22:07:34,419:WARNING:root:The response content must be rendered before it can be iterated over.
2023-04-28 22:07:34,881:WARNING:django.request:Bad Request: /advertisements/query/
2023-04-28 22:07:48,206:INFO:configs.middlewares.auth:request received for endpoint /advertisements/query/
2023-04-28 22:08:18,526:INFO:configs.middlewares.auth:request received for endpoint /advertisements/category/
2023-04-28 22:08:33,511:INFO:configs.middlewares.auth:request received for endpoint /advertisements/create/
2023-04-28 22:08:38,811:INFO:configs.middlewares.auth:request received for endpoint /advertisements/query/
2023-04-28 22:08:43,513:INFO:configs.middlewares.auth:request received for endpoint /advertisements/query/
2023-04-28 22:08:51,659:INFO:django.utils.autoreload:/media/nelson/Apacer PHD/projects/centro/sistema_egresados/configs/middlewares/view_responses.py changed, reloading.
2023-04-28 22:08:59,169:INFO:configs.middlewares.auth:request received for endpoint /advertisements/query/
2023-04-28 22:09:04,562:INFO:configs.middlewares.auth:request received for endpoint /advertisements/
2023-04-28 22:09:16,983:INFO:configs.middlewares.auth:request received for endpoint /advertisements/
2023-04-28 22:09:20,806:INFO:configs.middlewares.auth:request received for endpoint /advertisements/
2023-04-28 22:10:08,344:INFO:django.utils.autoreload:/media/nelson/Apacer PHD/projects/centro/sistema_egresados/apps/classified_advertisements/api/views/advertisement/views.py changed, reloading.
2023-04-28 22:10:16,299:INFO:django.utils.autoreload:/media/nelson/Apacer PHD/projects/centro/sistema_egresados/apps/classified_advertisements/models/managers.py changed, reloading.
2023-04-28 22:10:20,575:INFO:configs.middlewares.auth:request received for endpoint /advertisements/query/
2023-04-28 22:10:36,674:INFO:configs.middlewares.auth:request received for endpoint /advertisements/query/
2023-04-28 22:10:47,792:INFO:django.utils.autoreload:/media/nelson/Apacer PHD/projects/centro/sistema_egresados/apps/classified_advertisements/api/views/advertisement/views.py changed, reloading.
2023-04-28 22:10:51,650:INFO:configs.middlewares.auth:request received for endpoint /advertisements/query/
2023-04-28 22:10:57,854:INFO:configs.middlewares.auth:request received for endpoint /advertisements/query/
2023-04-29 12:01:05,366:INFO:django.utils.autoreload:/media/nelson/Apacer PHD/projects/centro/sistema_egresados/apps/pqrs/models/models.py changed, reloading.
2023-04-29 12:02:04,945:INFO:django.utils.autoreload:/media/nelson/Apacer PHD/projects/centro/sistema_egresados/apps/pqrs/models/models.py changed, reloading.
2023-04-29 12:02:44,119:INFO:django.utils.autoreload:/media/nelson/Apacer PHD/projects/centro/sistema_egresados/apps/eventos/models/models.py changed, reloading.
2023-04-29 12:03:07,213:INFO:django.utils.autoreload:/media/nelson/Apacer PHD/projects/centro/sistema_egresados/apps/encuestas/models/models.py changed, reloading.
2023-04-29 12:03:35,615:INFO:django.utils.autoreload:/media/nelson/Apacer PHD/projects/centro/sistema_egresados/apps/classified_advertisements/models/models.py changed, reloading.
2023-04-29 15:06:35,505:INFO:django.utils.autoreload:/media/nelson/Apacer PHD/projects/centro/sistema_egresados/apps/pqrs/api/views/respuesta/view.py changed, reloading.
2023-04-29 15:08:29,532:INFO:configs.middlewares.auth:request received for endpoint /pqrs/respuesta/create/
2023-04-29 15:08:29,545:INFO:configs.middlewares.auth:Response {'ok': False, 'message': 'Unauthorized', 'errors': [{'message': ['Authorization has failed, Please send valid token.']}], 'path': '', 'method': '', 'next': None, 'previous': None, 'count': None}
2023-04-29 15:08:29,621:WARNING:django.request:Unauthorized: /pqrs/respuesta/create/
2023-04-29 15:08:44,199:INFO:configs.middlewares.auth:request received for endpoint /pqrs/respuesta/
2023-04-29 15:09:01,151:INFO:configs.middlewares.auth:request received for endpoint /pqrs/respuesta/create/
2023-04-29 15:09:02,573:WARNING:root:The response content must be rendered before it can be iterated over.
2023-04-29 15:09:03,015:WARNING:django.request:Bad Request: /pqrs/respuesta/create/
2023-04-29 15:12:02,883:INFO:django.utils.autoreload:/media/nelson/Apacer PHD/projects/centro/sistema_egresados/apps/pqrs/api/views/respuesta/view.py changed, reloading.
2023-04-29 15:17:09,104:INFO:configs.middlewares.auth:request received for endpoint /pqrs/respuesta/
2023-04-29 15:18:55,258:INFO:django.utils.autoreload:/media/nelson/Apacer PHD/projects/centro/sistema_egresados/apps/pqrs/api/views/respuesta/view.py changed, reloading.
2023-04-29 15:26:50,959:INFO:django.utils.autoreload:/media/nelson/Apacer PHD/projects/centro/sistema_egresados/apps/pqrs/api/views/respuesta/view.py changed, reloading.
2023-04-29 15:27:09,018:INFO:configs.middlewares.auth:request received for endpoint /pqrs/respuesta/create/
2023-04-29 15:27:10,977:WARNING:root:The response content must be rendered before it can be iterated over.
2023-04-29 15:27:11,424:WARNING:django.request:Bad Request: /pqrs/respuesta/create/
2023-04-29 15:27:39,353:INFO:django.utils.autoreload:/media/nelson/Apacer PHD/projects/centro/sistema_egresados/apps/pqrs/api/views/respuesta/view.py changed, reloading.
2023-04-29 15:27:44,678:INFO:configs.middlewares.auth:request received for endpoint /pqrs/respuesta/create/
2023-04-29 15:27:52,375:INFO:configs.middlewares.auth:request received for endpoint /pqrs/
2023-04-29 15:30:52,297:INFO:configs.middlewares.auth:request received for endpoint /pqrs/asignacion/
2023-04-29 15:31:30,428:INFO:configs.middlewares.auth:request received for endpoint /pqrs/asignacion/create/
2023-04-29 15:31:34,478:INFO:configs.middlewares.auth:request received for endpoint /pqrs/asignacion/
2023-04-29 15:31:43,891:INFO:configs.middlewares.auth:request received for endpoint /pqrs/
2023-04-29 15:31:53,233:INFO:configs.middlewares.auth:request received for endpoint /pqrs/respuesta/
2023-04-29 15:32:15,023:INFO:configs.middlewares.auth:request received for endpoint /pqrs/
2023-04-29 15:33:57,861:INFO:configs.middlewares.auth:request received for endpoint /pqrs/tipo/
2023-04-29 15:34:12,556:INFO:configs.middlewares.auth:request received for endpoint /pqrs/
2023-04-29 15:35:00,547:INFO:configs.middlewares.auth:request received for endpoint /pqrs/asignacion/
2023-04-29 18:27:57,465:INFO:configs.middlewares.auth:request received for endpoint /pqrs/respuesta/query/
2023-04-29 18:28:42,328:INFO:django.utils.autoreload:/media/nelson/Apacer PHD/projects/centro/sistema_egresados/apps/pqrs/api/views/respuesta/view.py changed, reloading.
2023-04-29 18:28:46,156:INFO:configs.middlewares.auth:request received for endpoint /pqrs/respuesta/query/
2023-04-29 18:29:03,203:INFO:configs.middlewares.auth:request received for endpoint /pqrs/respuesta/create/
2023-04-29 18:29:08,005:INFO:configs.middlewares.auth:request received for endpoint /pqrs/respuesta/query/
2023-04-29 18:29:36,800:INFO:configs.middlewares.auth:request received for endpoint /pqrs/
2023-04-29 18:29:49,038:INFO:configs.middlewares.auth:request received for endpoint /pqrs/asignacion/
2023-04-29 18:29:58,211:INFO:configs.middlewares.auth:request received for endpoint /pqrs/respuesta/
2023-04-29 18:30:07,435:INFO:configs.middlewares.auth:request received for endpoint /pqrs/respuesta/query/
2023-04-29 18:30:50,363:INFO:django.utils.autoreload:/media/nelson/Apacer PHD/projects/centro/sistema_egresados/apps/pqrs/api/views/respuesta/view.py changed, reloading.
2023-04-29 18:30:55,148:INFO:django.utils.autoreload:/media/nelson/Apacer PHD/projects/centro/sistema_egresados/apps/pqrs/api/views/respuesta/view.py changed, reloading.
2023-04-29 18:30:59,463:INFO:configs.middlewares.auth:request received for endpoint /pqrs/respuesta/query/
2023-04-29 18:31:13,488:INFO:django.utils.autoreload:/media/nelson/Apacer PHD/projects/centro/sistema_egresados/apps/pqrs/api/views/respuesta/view.py changed, reloading.
2023-04-29 18:31:26,777:INFO:django.utils.autoreload:/media/nelson/Apacer PHD/projects/centro/sistema_egresados/apps/pqrs/api/serializers/respuesta/respuesta_serializers.py changed, reloading.
2023-04-29 18:31:31,174:INFO:configs.middlewares.auth:request received for endpoint /pqrs/respuesta/query/
2023-04-29 18:32:16,335:INFO:django.utils.autoreload:/media/nelson/Apacer PHD/projects/centro/sistema_egresados/apps/pqrs/api/views/respuesta/view.py changed, reloading.
2023-04-29 18:32:20,160:INFO:configs.middlewares.auth:request received for endpoint /pqrs/respuesta/query/
2023-04-29 18:33:54,759:INFO:configs.middlewares.auth:request received for endpoint /pqrs/respuesta/query/
2023-04-29 18:35:03,999:INFO:django.utils.autoreload:/media/nelson/Apacer PHD/projects/centro/sistema_egresados/apps/pqrs/api/views/respuesta/view.py changed, reloading.
2023-04-29 18:35:07,698:INFO:configs.middlewares.auth:request received for endpoint /pqrs/respuesta/query/
2023-04-29 18:35:57,218:INFO:configs.middlewares.auth:request received for endpoint /clear/cache
2023-04-29 18:36:01,134:INFO:configs.middlewares.auth:request received for endpoint /pqrs/respuesta/query/
2023-04-29 18:36:14,952:INFO:django.utils.autoreload:/media/nelson/Apacer PHD/projects/centro/sistema_egresados/apps/pqrs/api/views/respuesta/view.py changed, reloading.
2023-04-29 18:36:51,906:INFO:django.utils.autoreload:/media/nelson/Apacer PHD/projects/centro/sistema_egresados/apps/pqrs/api/serializers/pqrs/pqrs_serialziers.py changed, reloading.
2023-04-29 18:37:19,782:INFO:configs.middlewares.auth:request received for endpoint /pqrs/respuesta/query/
2023-04-29 18:38:27,272:INFO:django.utils.autoreload:/media/nelson/Apacer PHD/projects/centro/sistema_egresados/configuration/settings.py changed, reloading.
2023-04-29 18:38:46,881:INFO:configs.middlewares.auth:request received for endpoint /eventos/
2023-04-29 18:38:46,881:INFO:configs.middlewares.auth:Response {'ok': False, 'message': 'Unauthorized', 'errors': [{'message': 'Authorization not found, Please send valid token'}], 'path': '', 'method': '', 'next': None, 'previous': None, 'count': None}
2023-04-29 18:38:46,881:WARNING:django.request:Unauthorized: /eventos/
2023-04-29 18:38:46,948:INFO:configs.middlewares.auth:request received for endpoint /favicon.ico
2023-04-29 18:38:46,948:INFO:configs.middlewares.auth:Response {'ok': False, 'message': 'Unauthorized', 'errors': [{'message': 'Authorization not found, Please send valid token'}], 'path': '', 'method': '', 'next': None, 'previous': None, 'count': None}
2023-04-29 18:38:46,948:WARNING:django.request:Unauthorized: /favicon.ico
2023-04-29 18:38:55,676:INFO:django.utils.autoreload:/media/nelson/Apacer PHD/projects/centro/sistema_egresados/configuration/settings.py changed, reloading.
2023-04-30 13:50:40,872:ERROR:django.request:Internal Server Error: /pqrs/respuesta/query/
Traceback (most recent call last):
  File "/home/nelson/.local/share/virtualenvs/sistema_egresados-UZ6tVXQk/lib/python3.10/site-packages/rest_framework/views.py", line 497, in dispatch
    self.initial(request, *args, **kwargs)
  File "/home/nelson/.local/share/virtualenvs/sistema_egresados-UZ6tVXQk/lib/python3.10/site-packages/rest_framework/views.py", line 406, in initial
    neg = self.perform_content_negotiation(request)
  File "/home/nelson/.local/share/virtualenvs/sistema_egresados-UZ6tVXQk/lib/python3.10/site-packages/rest_framework/views.py", line 306, in perform_content_negotiation
    renderers = self.get_renderers()
  File "/home/nelson/.local/share/virtualenvs/sistema_egresados-UZ6tVXQk/lib/python3.10/site-packages/rest_framework/views.py", line 260, in get_renderers
    return [renderer() for renderer in self.renderer_classes]
  File "/home/nelson/.local/share/virtualenvs/sistema_egresados-UZ6tVXQk/lib/python3.10/site-packages/rest_framework/views.py", line 260, in <listcomp>
    return [renderer() for renderer in self.renderer_classes]
TypeError: CustomResponseMiddleware.__init__() missing 1 required positional argument: 'get_response'

During handling of the above exception, another exception occurred:

Traceback (most recent call last):
  File "/home/nelson/.local/share/virtualenvs/sistema_egresados-UZ6tVXQk/lib/python3.10/site-packages/rest_framework/request.py", line 416, in __getattr__
    return getattr(self._request, attr)
AttributeError: 'WSGIRequest' object has no attribute 'accepted_renderer'

During handling of the above exception, another exception occurred:

Traceback (most recent call last):
  File "/home/nelson/.local/share/virtualenvs/sistema_egresados-UZ6tVXQk/lib/python3.10/site-packages/django/core/handlers/exception.py", line 55, in inner
    response = get_response(request)
  File "/home/nelson/.local/share/virtualenvs/sistema_egresados-UZ6tVXQk/lib/python3.10/site-packages/django/core/handlers/base.py", line 197, in _get_response
    response = wrapped_callback(request, *callback_args, **callback_kwargs)
  File "/home/nelson/.local/share/virtualenvs/sistema_egresados-UZ6tVXQk/lib/python3.10/site-packages/django/views/decorators/csrf.py", line 54, in wrapped_view
    return view_func(*args, **kwargs)
  File "/home/nelson/.local/share/virtualenvs/sistema_egresados-UZ6tVXQk/lib/python3.10/site-packages/django/views/generic/base.py", line 103, in view
    return self.dispatch(request, *args, **kwargs)
  File "/home/nelson/.local/share/virtualenvs/sistema_egresados-UZ6tVXQk/lib/python3.10/site-packages/django/utils/decorators.py", line 46, in _wrapper
    return bound_method(*args, **kwargs)
  File "/home/nelson/.local/share/virtualenvs/sistema_egresados-UZ6tVXQk/lib/python3.10/site-packages/django/utils/decorators.py", line 133, in _wrapped_view
    response = view_func(request, *args, **kwargs)
  File "/home/nelson/.local/share/virtualenvs/sistema_egresados-UZ6tVXQk/lib/python3.10/site-packages/rest_framework/views.py", line 509, in dispatch
    response = self.handle_exception(exc)
  File "/home/nelson/.local/share/virtualenvs/sistema_egresados-UZ6tVXQk/lib/python3.10/site-packages/rest_framework/views.py", line 469, in handle_exception
    self.raise_uncaught_exception(exc)
  File "/home/nelson/.local/share/virtualenvs/sistema_egresados-UZ6tVXQk/lib/python3.10/site-packages/rest_framework/views.py", line 477, in raise_uncaught_exception
    renderer_format = getattr(request.accepted_renderer, 'format')
  File "/home/nelson/.local/share/virtualenvs/sistema_egresados-UZ6tVXQk/lib/python3.10/site-packages/rest_framework/request.py", line 418, in __getattr__
    return self.__getattribute__(attr)
AttributeError: 'Request' object has no attribute 'accepted_renderer'
2023-04-30 13:52:06,984:INFO:django.utils.autoreload:/media/nelson/Apacer PHD/projects/centro/sistema_egresados/configs/middlewares/view_responses.py changed, reloading.
2023-04-30 13:52:12,945:INFO:django.utils.autoreload:/media/nelson/Apacer PHD/projects/centro/sistema_egresados/configs/middlewares/view_responses.py changed, reloading.
2023-04-30 13:52:16,995:INFO:django.utils.autoreload:/media/nelson/Apacer PHD/projects/centro/sistema_egresados/configs/middlewares/view_responses.py changed, reloading.
2023-04-30 13:52:26,090:INFO:django.utils.autoreload:/media/nelson/Apacer PHD/projects/centro/sistema_egresados/configuration/settings.py changed, reloading.
2023-04-30 13:53:48,249:INFO:django.utils.autoreload:/media/nelson/Apacer PHD/projects/centro/sistema_egresados/configs/middlewares/view_responses.py changed, reloading.
2023-04-30 13:53:58,737:INFO:django.utils.autoreload:/media/nelson/Apacer PHD/projects/centro/sistema_egresados/configuration/settings.py changed, reloading.
2023-05-02 19:33:10,852:INFO:configs.middlewares.auth:request received for endpoint /eventos/inscripciones/
2023-05-02 19:33:10,862:INFO:configs.middlewares.auth:Response {'ok': False, 'message': 'Unauthorized', 'errors': [{'message': ['Authorization has failed, Please send valid token.']}], 'path': '', 'method': '', 'next': None, 'previous': None, 'count': None}
2023-05-02 19:33:10,935:WARNING:django.request:Unauthorized: /eventos/inscripciones/
2023-05-02 19:33:22,587:INFO:configs.middlewares.auth:request received for endpoint /eventos/inscripciones/
2023-05-02 19:33:23,763:ERROR:django.request:Internal Server Error: /eventos/inscripciones/
Traceback (most recent call last):
  File "/media/nelson/Apacer PHD/projects/centro/sistema_egresados/configs/middlewares/auth.py", line 58, in process_request
    tokenUser, token = auth.authenticate(request)
  File "/home/nelson/.local/share/virtualenvs/sistema_egresados-UZ6tVXQk/lib/python3.10/site-packages/rest_framework_simplejwt/authentication.py", line 34, in authenticate
    raw_token = self.get_raw_token(header)
  File "/home/nelson/.local/share/virtualenvs/sistema_egresados-UZ6tVXQk/lib/python3.10/site-packages/rest_framework_simplejwt/authentication.py", line 77, in get_raw_token
    raise AuthenticationFailed(
rest_framework_simplejwt.exceptions.AuthenticationFailed: {'detail': ErrorDetail(string='Authorization header must contain two space-delimited values', code='authentication_failed'), 'code': ErrorDetail(string='bad_authorization_header', code='authentication_failed')}

During handling of the above exception, another exception occurred:

Traceback (most recent call last):
  File "/home/nelson/.local/share/virtualenvs/sistema_egresados-UZ6tVXQk/lib/python3.10/site-packages/django/core/handlers/exception.py", line 55, in inner
    response = get_response(request)
  File "/home/nelson/.local/share/virtualenvs/sistema_egresados-UZ6tVXQk/lib/python3.10/site-packages/django/utils/deprecation.py", line 135, in __call__
    response = self.process_request(request)
  File "/media/nelson/Apacer PHD/projects/centro/sistema_egresados/configs/middlewares/auth.py", line 114, in process_request
    response, code = create_response(
  File "/home/nelson/.local/share/virtualenvs/sistema_egresados-UZ6tVXQk/lib/python3.10/site-packages/django/template/response.py", line 127, in __iter__
    raise ContentNotRenderedError(
django.template.response.ContentNotRenderedError: The response content must be rendered before it can be iterated over.
2023-05-02 19:34:02,099:INFO:configs.middlewares.auth:request received for endpoint /eventos/inscripciones/save/
2023-05-02 19:34:03,187:ERROR:django.request:Internal Server Error: /eventos/inscripciones/save/
Traceback (most recent call last):
  File "/media/nelson/Apacer PHD/projects/centro/sistema_egresados/configs/middlewares/auth.py", line 58, in process_request
    tokenUser, token = auth.authenticate(request)
  File "/home/nelson/.local/share/virtualenvs/sistema_egresados-UZ6tVXQk/lib/python3.10/site-packages/rest_framework_simplejwt/authentication.py", line 34, in authenticate
    raw_token = self.get_raw_token(header)
  File "/home/nelson/.local/share/virtualenvs/sistema_egresados-UZ6tVXQk/lib/python3.10/site-packages/rest_framework_simplejwt/authentication.py", line 77, in get_raw_token
    raise AuthenticationFailed(
rest_framework_simplejwt.exceptions.AuthenticationFailed: {'detail': ErrorDetail(string='Authorization header must contain two space-delimited values', code='authentication_failed'), 'code': ErrorDetail(string='bad_authorization_header', code='authentication_failed')}

During handling of the above exception, another exception occurred:

Traceback (most recent call last):
  File "/home/nelson/.local/share/virtualenvs/sistema_egresados-UZ6tVXQk/lib/python3.10/site-packages/django/core/handlers/exception.py", line 55, in inner
    response = get_response(request)
  File "/home/nelson/.local/share/virtualenvs/sistema_egresados-UZ6tVXQk/lib/python3.10/site-packages/django/utils/deprecation.py", line 135, in __call__
    response = self.process_request(request)
  File "/media/nelson/Apacer PHD/projects/centro/sistema_egresados/configs/middlewares/auth.py", line 114, in process_request
    response, code = create_response(
  File "/home/nelson/.local/share/virtualenvs/sistema_egresados-UZ6tVXQk/lib/python3.10/site-packages/django/template/response.py", line 127, in __iter__
    raise ContentNotRenderedError(
django.template.response.ContentNotRenderedError: The response content must be rendered before it can be iterated over.
2023-05-02 19:36:27,451:INFO:django.utils.autoreload:/media/nelson/Apacer PHD/projects/centro/sistema_egresados/configs/middlewares/auth.py changed, reloading.
2023-05-02 19:36:33,291:INFO:configs.middlewares.auth:request received for endpoint /eventos/inscripciones/save/
2023-05-02 19:36:34,587:ERROR:django.request:Internal Server Error: /eventos/inscripciones/save/
Traceback (most recent call last):
  File "/media/nelson/Apacer PHD/projects/centro/sistema_egresados/configs/middlewares/auth.py", line 58, in process_request
    tokenUser, token = auth.authenticate(request)
  File "/home/nelson/.local/share/virtualenvs/sistema_egresados-UZ6tVXQk/lib/python3.10/site-packages/rest_framework_simplejwt/authentication.py", line 34, in authenticate
    raw_token = self.get_raw_token(header)
  File "/home/nelson/.local/share/virtualenvs/sistema_egresados-UZ6tVXQk/lib/python3.10/site-packages/rest_framework_simplejwt/authentication.py", line 77, in get_raw_token
    raise AuthenticationFailed(
rest_framework_simplejwt.exceptions.AuthenticationFailed: {'detail': ErrorDetail(string='Authorization header must contain two space-delimited values', code='authentication_failed'), 'code': ErrorDetail(string='bad_authorization_header', code='authentication_failed')}

During handling of the above exception, another exception occurred:

Traceback (most recent call last):
  File "/home/nelson/.local/share/virtualenvs/sistema_egresados-UZ6tVXQk/lib/python3.10/site-packages/django/core/handlers/exception.py", line 55, in inner
    response = get_response(request)
  File "/home/nelson/.local/share/virtualenvs/sistema_egresados-UZ6tVXQk/lib/python3.10/site-packages/django/utils/deprecation.py", line 135, in __call__
    response = self.process_request(request)
  File "/media/nelson/Apacer PHD/projects/centro/sistema_egresados/configs/middlewares/auth.py", line 114, in process_request
    response, code = create_response(
  File "/home/nelson/.local/share/virtualenvs/sistema_egresados-UZ6tVXQk/lib/python3.10/site-packages/django/template/response.py", line 127, in __iter__
    raise ContentNotRenderedError(
django.template.response.ContentNotRenderedError: The response content must be rendered before it can be iterated over.
2023-05-02 19:36:57,649:INFO:configs.middlewares.auth:request received for endpoint /eventos/inscripciones/
2023-05-02 19:36:58,526:ERROR:django.request:Internal Server Error: /eventos/inscripciones/
Traceback (most recent call last):
  File "/media/nelson/Apacer PHD/projects/centro/sistema_egresados/configs/middlewares/auth.py", line 58, in process_request
    tokenUser, token = auth.authenticate(request)
  File "/home/nelson/.local/share/virtualenvs/sistema_egresados-UZ6tVXQk/lib/python3.10/site-packages/rest_framework_simplejwt/authentication.py", line 34, in authenticate
    raw_token = self.get_raw_token(header)
  File "/home/nelson/.local/share/virtualenvs/sistema_egresados-UZ6tVXQk/lib/python3.10/site-packages/rest_framework_simplejwt/authentication.py", line 77, in get_raw_token
    raise AuthenticationFailed(
rest_framework_simplejwt.exceptions.AuthenticationFailed: {'detail': ErrorDetail(string='Authorization header must contain two space-delimited values', code='authentication_failed'), 'code': ErrorDetail(string='bad_authorization_header', code='authentication_failed')}

During handling of the above exception, another exception occurred:

Traceback (most recent call last):
  File "/home/nelson/.local/share/virtualenvs/sistema_egresados-UZ6tVXQk/lib/python3.10/site-packages/django/core/handlers/exception.py", line 55, in inner
    response = get_response(request)
  File "/home/nelson/.local/share/virtualenvs/sistema_egresados-UZ6tVXQk/lib/python3.10/site-packages/django/utils/deprecation.py", line 135, in __call__
    response = self.process_request(request)
  File "/media/nelson/Apacer PHD/projects/centro/sistema_egresados/configs/middlewares/auth.py", line 114, in process_request
    response, code = create_response(
  File "/home/nelson/.local/share/virtualenvs/sistema_egresados-UZ6tVXQk/lib/python3.10/site-packages/django/template/response.py", line 127, in __iter__
    raise ContentNotRenderedError(
django.template.response.ContentNotRenderedError: The response content must be rendered before it can be iterated over.
2023-05-02 19:37:16,268:INFO:django.utils.autoreload:/media/nelson/Apacer PHD/projects/centro/sistema_egresados/configs/middlewares/auth.py changed, reloading.
2023-05-02 19:37:20,280:INFO:django.utils.autoreload:/media/nelson/Apacer PHD/projects/centro/sistema_egresados/configs/middlewares/auth.py changed, reloading.
2023-05-02 19:37:23,315:INFO:django.utils.autoreload:/media/nelson/Apacer PHD/projects/centro/sistema_egresados/configs/middlewares/auth.py changed, reloading.
2023-05-02 19:37:27,570:INFO:configs.middlewares.auth:request received for endpoint /eventos/inscripciones/
2023-05-02 19:37:29,155:WARNING:django.request:Unauthorized: /eventos/inscripciones/
2023-05-02 19:37:55,769:INFO:django.utils.autoreload:/media/nelson/Apacer PHD/projects/centro/sistema_egresados/configs/middlewares/auth.py changed, reloading.
2023-05-02 19:38:00,803:INFO:configs.middlewares.auth:request received for endpoint /eventos/inscripciones/
2023-05-02 19:38:02,130:ERROR:django.request:Internal Server Error: /eventos/inscripciones/
Traceback (most recent call last):
  File "/media/nelson/Apacer PHD/projects/centro/sistema_egresados/configs/middlewares/auth.py", line 58, in process_request
    tokenUser, token = auth.authenticate(request)
  File "/home/nelson/.local/share/virtualenvs/sistema_egresados-UZ6tVXQk/lib/python3.10/site-packages/rest_framework_simplejwt/authentication.py", line 34, in authenticate
    raw_token = self.get_raw_token(header)
  File "/home/nelson/.local/share/virtualenvs/sistema_egresados-UZ6tVXQk/lib/python3.10/site-packages/rest_framework_simplejwt/authentication.py", line 77, in get_raw_token
    raise AuthenticationFailed(
rest_framework_simplejwt.exceptions.AuthenticationFailed: {'detail': ErrorDetail(string='Authorization header must contain two space-delimited values', code='authentication_failed'), 'code': ErrorDetail(string='bad_authorization_header', code='authentication_failed')}

During handling of the above exception, another exception occurred:

Traceback (most recent call last):
  File "/home/nelson/.local/share/virtualenvs/sistema_egresados-UZ6tVXQk/lib/python3.10/site-packages/django/core/handlers/exception.py", line 55, in inner
    response = get_response(request)
  File "/home/nelson/.local/share/virtualenvs/sistema_egresados-UZ6tVXQk/lib/python3.10/site-packages/django/utils/deprecation.py", line 135, in __call__
    response = self.process_request(request)
  File "/media/nelson/Apacer PHD/projects/centro/sistema_egresados/configs/middlewares/auth.py", line 114, in process_request
    response, code = create_response(
  File "/home/nelson/.local/share/virtualenvs/sistema_egresados-UZ6tVXQk/lib/python3.10/site-packages/django/template/response.py", line 127, in __iter__
    raise ContentNotRenderedError(
django.template.response.ContentNotRenderedError: The response content must be rendered before it can be iterated over.
2023-05-02 19:38:30,658:INFO:django.utils.autoreload:/media/nelson/Apacer PHD/projects/centro/sistema_egresados/configs/middlewares/auth.py changed, reloading.
2023-05-02 19:38:33,190:INFO:django.utils.autoreload:/media/nelson/Apacer PHD/projects/centro/sistema_egresados/configs/middlewares/auth.py changed, reloading.
2023-05-02 19:38:42,555:INFO:django.utils.autoreload:/media/nelson/Apacer PHD/projects/centro/sistema_egresados/configs/middlewares/auth.py changed, reloading.
2023-05-02 19:38:46,556:INFO:configs.middlewares.auth:request received for endpoint /eventos/inscripciones/
2023-05-02 19:38:47,858:ERROR:django.request:Internal Server Error: /eventos/inscripciones/
Traceback (most recent call last):
  File "/media/nelson/Apacer PHD/projects/centro/sistema_egresados/configs/middlewares/auth.py", line 58, in process_request
    tokenUser, token = auth.authenticate(request)
  File "/home/nelson/.local/share/virtualenvs/sistema_egresados-UZ6tVXQk/lib/python3.10/site-packages/rest_framework_simplejwt/authentication.py", line 34, in authenticate
    raw_token = self.get_raw_token(header)
  File "/home/nelson/.local/share/virtualenvs/sistema_egresados-UZ6tVXQk/lib/python3.10/site-packages/rest_framework_simplejwt/authentication.py", line 77, in get_raw_token
    raise AuthenticationFailed(
rest_framework_simplejwt.exceptions.AuthenticationFailed: {'detail': ErrorDetail(string='Authorization header must contain two space-delimited values', code='authentication_failed'), 'code': ErrorDetail(string='bad_authorization_header', code='authentication_failed')}

During handling of the above exception, another exception occurred:

Traceback (most recent call last):
  File "/home/nelson/.local/share/virtualenvs/sistema_egresados-UZ6tVXQk/lib/python3.10/site-packages/django/core/handlers/exception.py", line 55, in inner
    response = get_response(request)
  File "/home/nelson/.local/share/virtualenvs/sistema_egresados-UZ6tVXQk/lib/python3.10/site-packages/django/utils/deprecation.py", line 135, in __call__
    response = self.process_request(request)
  File "/media/nelson/Apacer PHD/projects/centro/sistema_egresados/configs/middlewares/auth.py", line 114, in process_request
    response, code = create_response(
  File "/home/nelson/.local/share/virtualenvs/sistema_egresados-UZ6tVXQk/lib/python3.10/site-packages/django/template/response.py", line 127, in __iter__
    raise ContentNotRenderedError(
django.template.response.ContentNotRenderedError: The response content must be rendered before it can be iterated over.
2023-05-02 19:38:54,310:INFO:django.utils.autoreload:/media/nelson/Apacer PHD/projects/centro/sistema_egresados/configs/middlewares/auth.py changed, reloading.
2023-05-02 19:38:58,256:INFO:configs.middlewares.auth:request received for endpoint /eventos/inscripciones/
2023-05-02 19:38:59,598:ERROR:django.request:Internal Server Error: /eventos/inscripciones/
Traceback (most recent call last):
  File "/media/nelson/Apacer PHD/projects/centro/sistema_egresados/configs/middlewares/auth.py", line 58, in process_request
    tokenUser, token = auth.authenticate(request)
  File "/home/nelson/.local/share/virtualenvs/sistema_egresados-UZ6tVXQk/lib/python3.10/site-packages/rest_framework_simplejwt/authentication.py", line 34, in authenticate
    raw_token = self.get_raw_token(header)
  File "/home/nelson/.local/share/virtualenvs/sistema_egresados-UZ6tVXQk/lib/python3.10/site-packages/rest_framework_simplejwt/authentication.py", line 77, in get_raw_token
    raise AuthenticationFailed(
rest_framework_simplejwt.exceptions.AuthenticationFailed: {'detail': ErrorDetail(string='Authorization header must contain two space-delimited values', code='authentication_failed'), 'code': ErrorDetail(string='bad_authorization_header', code='authentication_failed')}

During handling of the above exception, another exception occurred:

Traceback (most recent call last):
  File "/home/nelson/.local/share/virtualenvs/sistema_egresados-UZ6tVXQk/lib/python3.10/site-packages/django/core/handlers/exception.py", line 55, in inner
    response = get_response(request)
  File "/home/nelson/.local/share/virtualenvs/sistema_egresados-UZ6tVXQk/lib/python3.10/site-packages/django/utils/deprecation.py", line 135, in __call__
    response = self.process_request(request)
  File "/media/nelson/Apacer PHD/projects/centro/sistema_egresados/configs/middlewares/auth.py", line 114, in process_request
    response, code = create_response(
  File "/home/nelson/.local/share/virtualenvs/sistema_egresados-UZ6tVXQk/lib/python3.10/site-packages/django/template/response.py", line 127, in __iter__
    raise ContentNotRenderedError(
django.template.response.ContentNotRenderedError: The response content must be rendered before it can be iterated over.
2023-05-02 19:39:09,840:INFO:django.utils.autoreload:/media/nelson/Apacer PHD/projects/centro/sistema_egresados/configs/middlewares/auth.py changed, reloading.
2023-05-02 19:39:13,785:INFO:configs.middlewares.auth:request received for endpoint /eventos/inscripciones/
2023-05-02 19:39:15,062:ERROR:django.request:Internal Server Error: /eventos/inscripciones/
Traceback (most recent call last):
  File "/media/nelson/Apacer PHD/projects/centro/sistema_egresados/configs/middlewares/auth.py", line 58, in process_request
    tokenUser, token = auth.authenticate(request)
  File "/home/nelson/.local/share/virtualenvs/sistema_egresados-UZ6tVXQk/lib/python3.10/site-packages/rest_framework_simplejwt/authentication.py", line 34, in authenticate
    raw_token = self.get_raw_token(header)
  File "/home/nelson/.local/share/virtualenvs/sistema_egresados-UZ6tVXQk/lib/python3.10/site-packages/rest_framework_simplejwt/authentication.py", line 77, in get_raw_token
    raise AuthenticationFailed(
rest_framework_simplejwt.exceptions.AuthenticationFailed: {'detail': ErrorDetail(string='Authorization header must contain two space-delimited values', code='authentication_failed'), 'code': ErrorDetail(string='bad_authorization_header', code='authentication_failed')}

During handling of the above exception, another exception occurred:

Traceback (most recent call last):
  File "/home/nelson/.local/share/virtualenvs/sistema_egresados-UZ6tVXQk/lib/python3.10/site-packages/django/core/handlers/exception.py", line 55, in inner
    response = get_response(request)
  File "/home/nelson/.local/share/virtualenvs/sistema_egresados-UZ6tVXQk/lib/python3.10/site-packages/django/utils/deprecation.py", line 135, in __call__
    response = self.process_request(request)
  File "/media/nelson/Apacer PHD/projects/centro/sistema_egresados/configs/middlewares/auth.py", line 114, in process_request
    response, code = create_response(
  File "/home/nelson/.local/share/virtualenvs/sistema_egresados-UZ6tVXQk/lib/python3.10/site-packages/django/template/response.py", line 127, in __iter__
    raise ContentNotRenderedError(
django.template.response.ContentNotRenderedError: The response content must be rendered before it can be iterated over.
2023-05-02 19:39:26,284:INFO:django.utils.autoreload:/media/nelson/Apacer PHD/projects/centro/sistema_egresados/configs/middlewares/auth.py changed, reloading.
2023-05-02 19:39:30,444:INFO:configs.middlewares.auth:request received for endpoint /eventos/inscripciones/
2023-05-02 19:39:40,487:INFO:django.utils.autoreload:/media/nelson/Apacer PHD/projects/centro/sistema_egresados/configs/middlewares/auth.py changed, reloading.
2023-05-02 19:39:44,334:INFO:configs.middlewares.auth:request received for endpoint /eventos/inscripciones/
2023-05-02 19:40:00,956:INFO:django.utils.autoreload:/media/nelson/Apacer PHD/projects/centro/sistema_egresados/configs/middlewares/auth.py changed, reloading.
2023-05-02 19:40:07,871:INFO:configs.middlewares.auth:request received for endpoint /eventos/inscripciones/
2023-05-02 19:40:30,414:INFO:django.utils.autoreload:/media/nelson/Apacer PHD/projects/centro/sistema_egresados/configs/middlewares/auth.py changed, reloading.
2023-05-02 19:40:33,494:INFO:configs.middlewares.auth:request received for endpoint /eventos/inscripciones/
2023-05-02 19:40:35,071:WARNING:django.request:Bad Request: /eventos/inscripciones/
2023-05-02 19:40:46,719:INFO:configs.middlewares.auth:request received for endpoint /eventos/inscripciones/
2023-05-02 19:40:48,277:WARNING:django.request:Bad Request: /eventos/inscripciones/
2023-05-02 19:40:57,353:INFO:configs.middlewares.auth:request received for endpoint /eventos/inscripciones/
2023-05-02 19:41:12,328:INFO:configs.middlewares.auth:request received for endpoint /eventos/inscripciones/
2023-05-02 21:29:38,005:INFO:configs.middlewares.auth:request received for endpoint /eventos/inscripciones/
2023-05-02 21:29:39,470:WARNING:root:<!DOCTYPE html>
<html lang="en">
<head>
  <meta http-equiv="content-type" content="text/html; charset=utf-8">
  <title>Page not found at /eventos/inscripciones/</title>
  <meta name="robots" content="NONE,NOARCHIVE">
  <style type="text/css">
    html * { padding:0; margin:0; }
    body * { padding:10px 20px; }
    body * * { padding:0; }
    body { font:small sans-serif; background:#eee; color:#000; }
    body>div { border-bottom:1px solid #ddd; }
    h1 { font-weight:normal; margin-bottom:.4em; }
    h1 span { font-size:60%; color:#666; font-weight:normal; }
    table { border:none; border-collapse: collapse; width:100%; }
    td, th { vertical-align:top; padding:2px 3px; }
    th { width:12em; text-align:right; color:#666; padding-right:.5em; }
    #info { background:#f6f6f6; }
    #info ol { margin: 0.5em 4em; }
    #info ol li { font-family: monospace; }
    #summary { background: #ffc; }
    #explanation { background:#eee; border-bottom: 0px none; }
    pre.exception_value { font-family: sans-serif; color: #575757; font-size: 1.5em; margin: 10px 0 10px 0; }
  </style>
</head>
<body>
  <div id="summary">
    <h1>Page not found <span>(404)</span></h1>
    
    <table class="meta">
      <tr>
        <th>Request Method:</th>
        <td>POST</td>
      </tr>
      <tr>
        <th>Request URL:</th>
        <td>http://127.0.0.1:8000/eventos/inscripciones/</td>
      </tr>
      
    </table>
  </div>
  <div id="info">
    
      <p>
      Using the URLconf defined in <code>configuration.urls</code>,
      Django tried these URL patterns, in this order:
      </p>
      <ol>
        
          <li>
            
                admin/
                
            
          </li>
        
          <li>
            
                
                
            
                auth/
                
            
          </li>
        
          <li>
            
                
                
            
                users/
                
            
          </li>
        
          <li>
            
                
                
            
                roles/
                
            
          </li>
        
          <li>
            
                
                
            
                resources/
                
            
          </li>
        
          <li>
            
                
                
            
                persons/
                
            
          </li>
        
          <li>
            
                
                
            
                genders/
                
            
          </li>
        
          <li>
            
                
                
            
                documents/
                
            
          </li>
        
          <li>
            
                
                
            
                security/
                
            
          </li>
        
          <li>
            
                
                
            
                university/
                
            
          </li>
        
          <li>
            
                
                
            
                __debug__/
                
            
          </li>
        
          <li>
            
                advertisements/
                
            
          </li>
        
          <li>
            
                eventos/
                
            
                
                
            
                
                
            
          </li>
        
          <li>
            
                eventos/
                
            
                
                
            
                create/
                
            
          </li>
        
          <li>
            
                eventos/
                
            
                
                
            
                update/&lt;int:pk&gt;/
                
            
          </li>
        
          <li>
            
                eventos/
                
            
                
                
            
                delete/&lt;int:pk&gt;/
                
            
          </li>
        
          <li>
            
                eventos/
                
            
                areas/
                
            
          </li>
        
          <li>
            
                eventos/
                
            
                sub/areas/
                
            
          </li>
        
          <li>
            
                eventos/
                
            
                tipos/
                
            
          </li>
        
          <li>
            
                eventos/
                
            
                inscripciones/
                
            
                ^(?P&lt;evento&gt;)/$
                
            
          </li>
        
          <li>
            
                eventos/
                
            
                inscripciones/
                
            
                save/
                
            
          </li>
        
          <li>
            
                poll/
                
            
          </li>
        
          <li>
            
                pqrs/
                
            
          </li>
        
          <li>
            
                clear/cache
                
            
          </li>
        
          <li>
            
                ^redoc/$
                [name='schema-redoc']
            
          </li>
        
          <li>
            
                ^static/(?P&lt;path&gt;.*)$
                
            
          </li>
        
      </ol>
      <p>
        
          The current path, <code>eventos/inscripciones/</code>,
        
        didn’t match any of these.
      </p>
    
  </div>

  <div id="explanation">
    <p>
      You’re seeing this error because you have <code>DEBUG = True</code> in
      your Django settings file. Change that to <code>False</code>, and Django
      will display a standard 404 page.
    </p>
  </div>
</body>
</html>

2023-05-02 21:29:39,991:WARNING:django.request:Not Found: /eventos/inscripciones/
2023-05-02 21:29:54,806:INFO:configs.middlewares.auth:request received for endpoint /eventos/inscripciones/
2023-05-02 21:29:55,995:WARNING:root:<!DOCTYPE html>
<html lang="en">
<head>
  <meta http-equiv="content-type" content="text/html; charset=utf-8">
  <title>Page not found at /eventos/inscripciones/</title>
  <meta name="robots" content="NONE,NOARCHIVE">
  <style type="text/css">
    html * { padding:0; margin:0; }
    body * { padding:10px 20px; }
    body * * { padding:0; }
    body { font:small sans-serif; background:#eee; color:#000; }
    body>div { border-bottom:1px solid #ddd; }
    h1 { font-weight:normal; margin-bottom:.4em; }
    h1 span { font-size:60%; color:#666; font-weight:normal; }
    table { border:none; border-collapse: collapse; width:100%; }
    td, th { vertical-align:top; padding:2px 3px; }
    th { width:12em; text-align:right; color:#666; padding-right:.5em; }
    #info { background:#f6f6f6; }
    #info ol { margin: 0.5em 4em; }
    #info ol li { font-family: monospace; }
    #summary { background: #ffc; }
    #explanation { background:#eee; border-bottom: 0px none; }
    pre.exception_value { font-family: sans-serif; color: #575757; font-size: 1.5em; margin: 10px 0 10px 0; }
  </style>
</head>
<body>
  <div id="summary">
    <h1>Page not found <span>(404)</span></h1>
    
    <table class="meta">
      <tr>
        <th>Request Method:</th>
        <td>GET</td>
      </tr>
      <tr>
        <th>Request URL:</th>
        <td>http://127.0.0.1:8000/eventos/inscripciones/</td>
      </tr>
      
    </table>
  </div>
  <div id="info">
    
      <p>
      Using the URLconf defined in <code>configuration.urls</code>,
      Django tried these URL patterns, in this order:
      </p>
      <ol>
        
          <li>
            
                admin/
                
            
          </li>
        
          <li>
            
                
                
            
                auth/
                
            
          </li>
        
          <li>
            
                
                
            
                users/
                
            
          </li>
        
          <li>
            
                
                
            
                roles/
                
            
          </li>
        
          <li>
            
                
                
            
                resources/
                
            
          </li>
        
          <li>
            
                
                
            
                persons/
                
            
          </li>
        
          <li>
            
                
                
            
                genders/
                
            
          </li>
        
          <li>
            
                
                
            
                documents/
                
            
          </li>
        
          <li>
            
                
                
            
                security/
                
            
          </li>
        
          <li>
            
                
                
            
                university/
                
            
          </li>
        
          <li>
            
                
                
            
                __debug__/
                
            
          </li>
        
          <li>
            
                advertisements/
                
            
          </li>
        
          <li>
            
                eventos/
                
            
                
                
            
                
                
            
          </li>
        
          <li>
            
                eventos/
                
            
                
                
            
                create/
                
            
          </li>
        
          <li>
            
                eventos/
                
            
                
                
            
                update/&lt;int:pk&gt;/
                
            
          </li>
        
          <li>
            
                eventos/
                
            
                
                
            
                delete/&lt;int:pk&gt;/
                
            
          </li>
        
          <li>
            
                eventos/
                
            
                areas/
                
            
          </li>
        
          <li>
            
                eventos/
                
            
                sub/areas/
                
            
          </li>
        
          <li>
            
                eventos/
                
            
                tipos/
                
            
          </li>
        
          <li>
            
                eventos/
                
            
                inscripciones/
                
            
                ^(?P&lt;evento&gt;)/$
                
            
          </li>
        
          <li>
            
                eventos/
                
            
                inscripciones/
                
            
                save/
                
            
          </li>
        
          <li>
            
                poll/
                
            
          </li>
        
          <li>
            
                pqrs/
                
            
          </li>
        
          <li>
            
                clear/cache
                
            
          </li>
        
          <li>
            
                ^redoc/$
                [name='schema-redoc']
            
          </li>
        
          <li>
            
                ^static/(?P&lt;path&gt;.*)$
                
            
          </li>
        
      </ol>
      <p>
        
          The current path, <code>eventos/inscripciones/</code>,
        
        didn’t match any of these.
      </p>
    
  </div>

  <div id="explanation">
    <p>
      You’re seeing this error because you have <code>DEBUG = True</code> in
      your Django settings file. Change that to <code>False</code>, and Django
      will display a standard 404 page.
    </p>
  </div>
</body>
</html>

2023-05-02 21:29:56,389:WARNING:django.request:Not Found: /eventos/inscripciones/
2023-05-02 21:31:00,768:INFO:django.utils.autoreload:/media/nelson/Apacer PHD/projects/centro/sistema_egresados/apps/eventos/api/views/incripciones/urls.py changed, reloading.
2023-05-02 21:31:04,732:INFO:configs.middlewares.auth:request received for endpoint /eventos/inscripciones/
2023-05-02 21:31:06,039:WARNING:root:<!DOCTYPE html>
<html lang="en">
<head>
  <meta http-equiv="content-type" content="text/html; charset=utf-8">
  <title>Page not found at /eventos/inscripciones/</title>
  <meta name="robots" content="NONE,NOARCHIVE">
  <style type="text/css">
    html * { padding:0; margin:0; }
    body * { padding:10px 20px; }
    body * * { padding:0; }
    body { font:small sans-serif; background:#eee; color:#000; }
    body>div { border-bottom:1px solid #ddd; }
    h1 { font-weight:normal; margin-bottom:.4em; }
    h1 span { font-size:60%; color:#666; font-weight:normal; }
    table { border:none; border-collapse: collapse; width:100%; }
    td, th { vertical-align:top; padding:2px 3px; }
    th { width:12em; text-align:right; color:#666; padding-right:.5em; }
    #info { background:#f6f6f6; }
    #info ol { margin: 0.5em 4em; }
    #info ol li { font-family: monospace; }
    #summary { background: #ffc; }
    #explanation { background:#eee; border-bottom: 0px none; }
    pre.exception_value { font-family: sans-serif; color: #575757; font-size: 1.5em; margin: 10px 0 10px 0; }
  </style>
</head>
<body>
  <div id="summary">
    <h1>Page not found <span>(404)</span></h1>
    
    <table class="meta">
      <tr>
        <th>Request Method:</th>
        <td>GET</td>
      </tr>
      <tr>
        <th>Request URL:</th>
        <td>http://127.0.0.1:8000/eventos/inscripciones/</td>
      </tr>
      
    </table>
  </div>
  <div id="info">
    
      <p>
      Using the URLconf defined in <code>configuration.urls</code>,
      Django tried these URL patterns, in this order:
      </p>
      <ol>
        
          <li>
            
                admin/
                
            
          </li>
        
          <li>
            
                
                
            
                auth/
                
            
          </li>
        
          <li>
            
                
                
            
                users/
                
            
          </li>
        
          <li>
            
                
                
            
                roles/
                
            
          </li>
        
          <li>
            
                
                
            
                resources/
                
            
          </li>
        
          <li>
            
                
                
            
                persons/
                
            
          </li>
        
          <li>
            
                
                
            
                genders/
                
            
          </li>
        
          <li>
            
                
                
            
                documents/
                
            
          </li>
        
          <li>
            
                
                
            
                security/
                
            
          </li>
        
          <li>
            
                
                
            
                university/
                
            
          </li>
        
          <li>
            
                
                
            
                __debug__/
                
            
          </li>
        
          <li>
            
                advertisements/
                
            
          </li>
        
          <li>
            
                eventos/
                
            
                
                
            
                
                
            
          </li>
        
          <li>
            
                eventos/
                
            
                
                
            
                create/
                
            
          </li>
        
          <li>
            
                eventos/
                
            
                
                
            
                update/&lt;int:pk&gt;/
                
            
          </li>
        
          <li>
            
                eventos/
                
            
                
                
            
                delete/&lt;int:pk&gt;/
                
            
          </li>
        
          <li>
            
                eventos/
                
            
                areas/
                
            
          </li>
        
          <li>
            
                eventos/
                
            
                sub/areas/
                
            
          </li>
        
          <li>
            
                eventos/
                
            
                tipos/
                
            
          </li>
        
          <li>
            
                eventos/
                
            
                inscripciones/
                
            
                ^(?P&lt;evento&gt;)/$
                
            
          </li>
        
          <li>
            
                eventos/
                
            
                inscripciones/
                
            
                save/
                
            
          </li>
        
          <li>
            
                poll/
                
            
          </li>
        
          <li>
            
                pqrs/
                
            
          </li>
        
          <li>
            
                clear/cache
                
            
          </li>
        
          <li>
            
                ^redoc/$
                [name='schema-redoc']
            
          </li>
        
          <li>
            
                ^static/(?P&lt;path&gt;.*)$
                
            
          </li>
        
      </ol>
      <p>
        
          The current path, <code>eventos/inscripciones/</code>,
        
        didn’t match any of these.
      </p>
    
  </div>

  <div id="explanation">
    <p>
      You’re seeing this error because you have <code>DEBUG = True</code> in
      your Django settings file. Change that to <code>False</code>, and Django
      will display a standard 404 page.
    </p>
  </div>
</body>
</html>

2023-05-02 21:31:06,477:WARNING:django.request:Not Found: /eventos/inscripciones/
2023-05-02 21:31:22,521:INFO:configs.middlewares.auth:request received for endpoint /eventos/inscripciones/
2023-05-02 21:31:23,775:WARNING:root:<!DOCTYPE html>
<html lang="en">
<head>
  <meta http-equiv="content-type" content="text/html; charset=utf-8">
  <title>Page not found at /eventos/inscripciones/</title>
  <meta name="robots" content="NONE,NOARCHIVE">
  <style type="text/css">
    html * { padding:0; margin:0; }
    body * { padding:10px 20px; }
    body * * { padding:0; }
    body { font:small sans-serif; background:#eee; color:#000; }
    body>div { border-bottom:1px solid #ddd; }
    h1 { font-weight:normal; margin-bottom:.4em; }
    h1 span { font-size:60%; color:#666; font-weight:normal; }
    table { border:none; border-collapse: collapse; width:100%; }
    td, th { vertical-align:top; padding:2px 3px; }
    th { width:12em; text-align:right; color:#666; padding-right:.5em; }
    #info { background:#f6f6f6; }
    #info ol { margin: 0.5em 4em; }
    #info ol li { font-family: monospace; }
    #summary { background: #ffc; }
    #explanation { background:#eee; border-bottom: 0px none; }
    pre.exception_value { font-family: sans-serif; color: #575757; font-size: 1.5em; margin: 10px 0 10px 0; }
  </style>
</head>
<body>
  <div id="summary">
    <h1>Page not found <span>(404)</span></h1>
    
    <table class="meta">
      <tr>
        <th>Request Method:</th>
        <td>GET</td>
      </tr>
      <tr>
        <th>Request URL:</th>
        <td>http://127.0.0.1:8000/eventos/inscripciones/?evento=2</td>
      </tr>
      
    </table>
  </div>
  <div id="info">
    
      <p>
      Using the URLconf defined in <code>configuration.urls</code>,
      Django tried these URL patterns, in this order:
      </p>
      <ol>
        
          <li>
            
                admin/
                
            
          </li>
        
          <li>
            
                
                
            
                auth/
                
            
          </li>
        
          <li>
            
                
                
            
                users/
                
            
          </li>
        
          <li>
            
                
                
            
                roles/
                
            
          </li>
        
          <li>
            
                
                
            
                resources/
                
            
          </li>
        
          <li>
            
                
                
            
                persons/
                
            
          </li>
        
          <li>
            
                
                
            
                genders/
                
            
          </li>
        
          <li>
            
                
                
            
                documents/
                
            
          </li>
        
          <li>
            
                
                
            
                security/
                
            
          </li>
        
          <li>
            
                
                
            
                university/
                
            
          </li>
        
          <li>
            
                
                
            
                __debug__/
                
            
          </li>
        
          <li>
            
                advertisements/
                
            
          </li>
        
          <li>
            
                eventos/
                
            
                
                
            
                
                
            
          </li>
        
          <li>
            
                eventos/
                
            
                
                
            
                create/
                
            
          </li>
        
          <li>
            
                eventos/
                
            
                
                
            
                update/&lt;int:pk&gt;/
                
            
          </li>
        
          <li>
            
                eventos/
                
            
                
                
            
                delete/&lt;int:pk&gt;/
                
            
          </li>
        
          <li>
            
                eventos/
                
            
                areas/
                
            
          </li>
        
          <li>
            
                eventos/
                
            
                sub/areas/
                
            
          </li>
        
          <li>
            
                eventos/
                
            
                tipos/
                
            
          </li>
        
          <li>
            
                eventos/
                
            
                inscripciones/
                
            
                ^(?P&lt;evento&gt;)/$
                
            
          </li>
        
          <li>
            
                eventos/
                
            
                inscripciones/
                
            
                save/
                
            
          </li>
        
          <li>
            
                poll/
                
            
          </li>
        
          <li>
            
                pqrs/
                
            
          </li>
        
          <li>
            
                clear/cache
                
            
          </li>
        
          <li>
            
                ^redoc/$
                [name='schema-redoc']
            
          </li>
        
          <li>
            
                ^static/(?P&lt;path&gt;.*)$
                
            
          </li>
        
      </ol>
      <p>
        
          The current path, <code>eventos/inscripciones/</code>,
        
        didn’t match any of these.
      </p>
    
  </div>

  <div id="explanation">
    <p>
      You’re seeing this error because you have <code>DEBUG = True</code> in
      your Django settings file. Change that to <code>False</code>, and Django
      will display a standard 404 page.
    </p>
  </div>
</body>
</html>

2023-05-02 21:31:24,176:WARNING:django.request:Not Found: /eventos/inscripciones/
2023-05-02 21:31:55,564:INFO:django.utils.autoreload:/media/nelson/Apacer PHD/projects/centro/sistema_egresados/apps/eventos/api/views/incripciones/urls.py changed, reloading.
2023-05-02 21:32:00,219:INFO:configs.middlewares.auth:request received for endpoint /eventos/inscripciones/
2023-05-02 21:32:01,611:WARNING:root:<!DOCTYPE html>
<html lang="en">
<head>
  <meta http-equiv="content-type" content="text/html; charset=utf-8">
  <title>Page not found at /eventos/inscripciones/</title>
  <meta name="robots" content="NONE,NOARCHIVE">
  <style type="text/css">
    html * { padding:0; margin:0; }
    body * { padding:10px 20px; }
    body * * { padding:0; }
    body { font:small sans-serif; background:#eee; color:#000; }
    body>div { border-bottom:1px solid #ddd; }
    h1 { font-weight:normal; margin-bottom:.4em; }
    h1 span { font-size:60%; color:#666; font-weight:normal; }
    table { border:none; border-collapse: collapse; width:100%; }
    td, th { vertical-align:top; padding:2px 3px; }
    th { width:12em; text-align:right; color:#666; padding-right:.5em; }
    #info { background:#f6f6f6; }
    #info ol { margin: 0.5em 4em; }
    #info ol li { font-family: monospace; }
    #summary { background: #ffc; }
    #explanation { background:#eee; border-bottom: 0px none; }
    pre.exception_value { font-family: sans-serif; color: #575757; font-size: 1.5em; margin: 10px 0 10px 0; }
  </style>
</head>
<body>
  <div id="summary">
    <h1>Page not found <span>(404)</span></h1>
    
    <table class="meta">
      <tr>
        <th>Request Method:</th>
        <td>GET</td>
      </tr>
      <tr>
        <th>Request URL:</th>
        <td>http://127.0.0.1:8000/eventos/inscripciones/?evento=2</td>
      </tr>
      
    </table>
  </div>
  <div id="info">
    
      <p>
      Using the URLconf defined in <code>configuration.urls</code>,
      Django tried these URL patterns, in this order:
      </p>
      <ol>
        
          <li>
            
                admin/
                
            
          </li>
        
          <li>
            
                
                
            
                auth/
                
            
          </li>
        
          <li>
            
                
                
            
                users/
                
            
          </li>
        
          <li>
            
                
                
            
                roles/
                
            
          </li>
        
          <li>
            
                
                
            
                resources/
                
            
          </li>
        
          <li>
            
                
                
            
                persons/
                
            
          </li>
        
          <li>
            
                
                
            
                genders/
                
            
          </li>
        
          <li>
            
                
                
            
                documents/
                
            
          </li>
        
          <li>
            
                
                
            
                security/
                
            
          </li>
        
          <li>
            
                
                
            
                university/
                
            
          </li>
        
          <li>
            
                
                
            
                __debug__/
                
            
          </li>
        
          <li>
            
                advertisements/
                
            
          </li>
        
          <li>
            
                eventos/
                
            
                
                
            
                
                
            
          </li>
        
          <li>
            
                eventos/
                
            
                
                
            
                create/
                
            
          </li>
        
          <li>
            
                eventos/
                
            
                
                
            
                update/&lt;int:pk&gt;/
                
            
          </li>
        
          <li>
            
                eventos/
                
            
                
                
            
                delete/&lt;int:pk&gt;/
                
            
          </li>
        
          <li>
            
                eventos/
                
            
                areas/
                
            
          </li>
        
          <li>
            
                eventos/
                
            
                sub/areas/
                
            
          </li>
        
          <li>
            
                eventos/
                
            
                tipos/
                
            
          </li>
        
          <li>
            
                eventos/
                
            
                inscripciones/
                
            
                /^(?P&lt;evento&gt;)/$
                
            
          </li>
        
          <li>
            
                eventos/
                
            
                inscripciones/
                
            
                save/
                
            
          </li>
        
          <li>
            
                poll/
                
            
          </li>
        
          <li>
            
                pqrs/
                
            
          </li>
        
          <li>
            
                clear/cache
                
            
          </li>
        
          <li>
            
                ^redoc/$
                [name='schema-redoc']
            
          </li>
        
          <li>
            
                ^static/(?P&lt;path&gt;.*)$
                
            
          </li>
        
      </ol>
      <p>
        
          The current path, <code>eventos/inscripciones/</code>,
        
        didn’t match any of these.
      </p>
    
  </div>

  <div id="explanation">
    <p>
      You’re seeing this error because you have <code>DEBUG = True</code> in
      your Django settings file. Change that to <code>False</code>, and Django
      will display a standard 404 page.
    </p>
  </div>
</body>
</html>

2023-05-02 21:32:02,062:WARNING:django.request:Not Found: /eventos/inscripciones/
2023-05-02 21:32:57,265:INFO:configs.middlewares.auth:request received for endpoint /eventos/inscripciones/2
2023-05-02 21:32:58,387:WARNING:root:<!DOCTYPE html>
<html lang="en">
<head>
  <meta http-equiv="content-type" content="text/html; charset=utf-8">
  <title>Page not found at /eventos/inscripciones/2</title>
  <meta name="robots" content="NONE,NOARCHIVE">
  <style type="text/css">
    html * { padding:0; margin:0; }
    body * { padding:10px 20px; }
    body * * { padding:0; }
    body { font:small sans-serif; background:#eee; color:#000; }
    body>div { border-bottom:1px solid #ddd; }
    h1 { font-weight:normal; margin-bottom:.4em; }
    h1 span { font-size:60%; color:#666; font-weight:normal; }
    table { border:none; border-collapse: collapse; width:100%; }
    td, th { vertical-align:top; padding:2px 3px; }
    th { width:12em; text-align:right; color:#666; padding-right:.5em; }
    #info { background:#f6f6f6; }
    #info ol { margin: 0.5em 4em; }
    #info ol li { font-family: monospace; }
    #summary { background: #ffc; }
    #explanation { background:#eee; border-bottom: 0px none; }
    pre.exception_value { font-family: sans-serif; color: #575757; font-size: 1.5em; margin: 10px 0 10px 0; }
  </style>
</head>
<body>
  <div id="summary">
    <h1>Page not found <span>(404)</span></h1>
    
    <table class="meta">
      <tr>
        <th>Request Method:</th>
        <td>GET</td>
      </tr>
      <tr>
        <th>Request URL:</th>
        <td>http://127.0.0.1:8000/eventos/inscripciones/2</td>
      </tr>
      
    </table>
  </div>
  <div id="info">
    
      <p>
      Using the URLconf defined in <code>configuration.urls</code>,
      Django tried these URL patterns, in this order:
      </p>
      <ol>
        
          <li>
            
                admin/
                
            
          </li>
        
          <li>
            
                
                
            
                auth/
                
            
          </li>
        
          <li>
            
                
                
            
                users/
                
            
          </li>
        
          <li>
            
                
                
            
                roles/
                
            
          </li>
        
          <li>
            
                
                
            
                resources/
                
            
          </li>
        
          <li>
            
                
                
            
                persons/
                
            
          </li>
        
          <li>
            
                
                
            
                genders/
                
            
          </li>
        
          <li>
            
                
                
            
                documents/
                
            
          </li>
        
          <li>
            
                
                
            
                security/
                
            
          </li>
        
          <li>
            
                
                
            
                university/
                
            
          </li>
        
          <li>
            
                
                
            
                __debug__/
                
            
          </li>
        
          <li>
            
                advertisements/
                
            
          </li>
        
          <li>
            
                eventos/
                
            
                
                
            
                
                
            
          </li>
        
          <li>
            
                eventos/
                
            
                
                
            
                create/
                
            
          </li>
        
          <li>
            
                eventos/
                
            
                
                
            
                update/&lt;int:pk&gt;/
                
            
          </li>
        
          <li>
            
                eventos/
                
            
                
                
            
                delete/&lt;int:pk&gt;/
                
            
          </li>
        
          <li>
            
                eventos/
                
            
                areas/
                
            
          </li>
        
          <li>
            
                eventos/
                
            
                sub/areas/
                
            
          </li>
        
          <li>
            
                eventos/
                
            
                tipos/
                
            
          </li>
        
          <li>
            
                eventos/
                
            
                inscripciones/
                
            
                /^(?P&lt;evento&gt;)/$
                
            
          </li>
        
          <li>
            
                eventos/
                
            
                inscripciones/
                
            
                save/
                
            
          </li>
        
          <li>
            
                poll/
                
            
          </li>
        
          <li>
            
                pqrs/
                
            
          </li>
        
          <li>
            
                clear/cache
                
            
          </li>
        
          <li>
            
                ^redoc/$
                [name='schema-redoc']
            
          </li>
        
          <li>
            
                ^static/(?P&lt;path&gt;.*)$
                
            
          </li>
        
      </ol>
      <p>
        
          The current path, <code>eventos/inscripciones/2</code>,
        
        didn’t match any of these.
      </p>
    
  </div>

  <div id="explanation">
    <p>
      You’re seeing this error because you have <code>DEBUG = True</code> in
      your Django settings file. Change that to <code>False</code>, and Django
      will display a standard 404 page.
    </p>
  </div>
</body>
</html>

2023-05-02 21:32:58,811:WARNING:django.request:Not Found: /eventos/inscripciones/2
2023-05-02 21:33:29,844:INFO:django.utils.autoreload:/media/nelson/Apacer PHD/projects/centro/sistema_egresados/configuration/settings.py changed, reloading.
2023-05-02 21:33:42,119:INFO:django.utils.autoreload:/media/nelson/Apacer PHD/projects/centro/sistema_egresados/apps/eventos/api/views/incripciones/urls.py changed, reloading.
2023-05-02 21:33:48,289:INFO:configs.middlewares.auth:request received for endpoint /eventos/inscripciones/2
2023-05-02 21:33:49,330:WARNING:root:
<!doctype html>
<html lang="en">
<head>
  <title>Not Found</title>
</head>
<body>
  <h1>Not Found</h1><p>The requested resource was not found on this server.</p>
</body>
</html>

2023-05-02 21:33:49,710:WARNING:django.request:Not Found: /eventos/inscripciones/2
2023-05-02 21:35:34,904:INFO:configs.middlewares.auth:request received for endpoint /eventos/inscripciones/
2023-05-02 21:35:36,015:WARNING:root:
<!doctype html>
<html lang="en">
<head>
  <title>Not Found</title>
</head>
<body>
  <h1>Not Found</h1><p>The requested resource was not found on this server.</p>
</body>
</html>

2023-05-02 21:35:36,396:WARNING:django.request:Not Found: /eventos/inscripciones/
2023-05-02 21:35:47,742:INFO:configs.middlewares.auth:request received for endpoint /eventos/inscripciones
2023-05-02 21:35:48,969:WARNING:root:
<!doctype html>
<html lang="en">
<head>
  <title>Not Found</title>
</head>
<body>
  <h1>Not Found</h1><p>The requested resource was not found on this server.</p>
</body>
</html>

2023-05-02 21:35:49,328:WARNING:django.request:Not Found: /eventos/inscripciones
2023-05-02 21:35:51,600:INFO:configs.middlewares.auth:request received for endpoint /eventos/inscripciones/
2023-05-02 21:35:52,533:WARNING:root:
<!doctype html>
<html lang="en">
<head>
  <title>Not Found</title>
</head>
<body>
  <h1>Not Found</h1><p>The requested resource was not found on this server.</p>
</body>
</html>

2023-05-02 21:35:52,902:WARNING:django.request:Not Found: /eventos/inscripciones/
2023-05-02 21:36:07,892:INFO:configs.middlewares.auth:request received for endpoint /eventos/inscripciones/
2023-05-02 21:36:09,042:WARNING:root:
<!doctype html>
<html lang="en">
<head>
  <title>Not Found</title>
</head>
<body>
  <h1>Not Found</h1><p>The requested resource was not found on this server.</p>
</body>
</html>

2023-05-02 21:36:09,411:WARNING:django.request:Not Found: /eventos/inscripciones/
2023-05-02 21:36:36,504:INFO:django.utils.autoreload:/media/nelson/Apacer PHD/projects/centro/sistema_egresados/configuration/urls.py changed, reloading.
2023-05-02 21:36:40,911:INFO:configs.middlewares.auth:request received for endpoint /eventos/inscripciones/
2023-05-02 21:36:41,932:WARNING:root:
<!doctype html>
<html lang="en">
<head>
  <title>Not Found</title>
</head>
<body>
  <h1>Not Found</h1><p>The requested resource was not found on this server.</p>
</body>
</html>

2023-05-02 21:36:42,308:WARNING:django.request:Not Found: /eventos/inscripciones/
2023-05-02 21:37:22,791:INFO:django.utils.autoreload:/media/nelson/Apacer PHD/projects/centro/sistema_egresados/apps/eventos/api/views/incripciones/urls.py changed, reloading.
2023-05-02 21:37:26,690:INFO:configs.middlewares.auth:request received for endpoint /eventos/inscripciones/
2023-05-02 21:37:27,699:WARNING:root:
<!doctype html>
<html lang="en">
<head>
  <title>Not Found</title>
</head>
<body>
  <h1>Not Found</h1><p>The requested resource was not found on this server.</p>
</body>
</html>

2023-05-02 21:37:28,076:WARNING:django.request:Not Found: /eventos/inscripciones/
2023-05-02 21:37:33,561:INFO:django.utils.autoreload:/media/nelson/Apacer PHD/projects/centro/sistema_egresados/apps/eventos/api/views/incripciones/urls.py changed, reloading.
2023-05-02 21:37:37,748:INFO:django.utils.autoreload:/media/nelson/Apacer PHD/projects/centro/sistema_egresados/apps/eventos/api/views/incripciones/urls.py changed, reloading.
2023-05-02 21:37:41,404:INFO:configs.middlewares.auth:request received for endpoint /eventos/inscripciones/
2023-05-02 21:37:42,668:WARNING:root:
<!doctype html>
<html lang="en">
<head>
  <title>Not Found</title>
</head>
<body>
  <h1>Not Found</h1><p>The requested resource was not found on this server.</p>
</body>
</html>

2023-05-02 21:37:43,035:WARNING:django.request:Not Found: /eventos/inscripciones/
2023-05-02 21:37:51,791:INFO:django.utils.autoreload:/media/nelson/Apacer PHD/projects/centro/sistema_egresados/apps/eventos/api/views/incripciones/urls.py changed, reloading.
2023-05-02 21:37:55,446:INFO:configs.middlewares.auth:request received for endpoint /eventos/inscripciones/
2023-05-02 21:37:56,455:WARNING:root:
<!doctype html>
<html lang="en">
<head>
  <title>Not Found</title>
</head>
<body>
  <h1>Not Found</h1><p>The requested resource was not found on this server.</p>
</body>
</html>

2023-05-02 21:37:56,825:WARNING:django.request:Not Found: /eventos/inscripciones/
2023-05-02 21:38:03,615:INFO:django.utils.autoreload:/media/nelson/Apacer PHD/projects/centro/sistema_egresados/apps/eventos/api/views/incripciones/urls.py changed, reloading.
2023-05-02 21:38:07,693:INFO:configs.middlewares.auth:request received for endpoint /eventos/inscripciones/
2023-05-02 21:38:08,727:WARNING:root:
<!doctype html>
<html lang="en">
<head>
  <title>Not Found</title>
</head>
<body>
  <h1>Not Found</h1><p>The requested resource was not found on this server.</p>
</body>
</html>

2023-05-02 21:38:09,101:WARNING:django.request:Not Found: /eventos/inscripciones/
2023-05-02 21:39:24,425:INFO:django.utils.autoreload:/media/nelson/Apacer PHD/projects/centro/sistema_egresados/apps/eventos/api/views/incripciones/urls.py changed, reloading.
2023-05-02 21:39:36,845:INFO:django.utils.autoreload:/media/nelson/Apacer PHD/projects/centro/sistema_egresados/apps/eventos/api/views/incripciones/urls.py changed, reloading.
2023-05-02 21:39:43,130:INFO:django.utils.autoreload:/media/nelson/Apacer PHD/projects/centro/sistema_egresados/apps/eventos/api/views/incripciones/urls.py changed, reloading.
2023-05-02 21:39:47,082:INFO:configs.middlewares.auth:request received for endpoint /eventos/inscripciones/
2023-05-02 21:39:48,097:WARNING:root:
<!doctype html>
<html lang="en">
<head>
  <title>Not Found</title>
</head>
<body>
  <h1>Not Found</h1><p>The requested resource was not found on this server.</p>
</body>
</html>

2023-05-02 21:39:48,465:WARNING:django.request:Not Found: /eventos/inscripciones/
2023-05-02 21:40:17,227:INFO:configs.middlewares.auth:request received for endpoint /eventos/inscripciones
2023-05-02 21:40:18,375:WARNING:root:
<!doctype html>
<html lang="en">
<head>
  <title>Not Found</title>
</head>
<body>
  <h1>Not Found</h1><p>The requested resource was not found on this server.</p>
</body>
</html>

2023-05-02 21:40:18,733:WARNING:django.request:Not Found: /eventos/inscripciones
2023-05-02 21:40:21,524:INFO:configs.middlewares.auth:request received for endpoint /eventos/inscripciones/
2023-05-02 21:40:22,430:WARNING:root:
<!doctype html>
<html lang="en">
<head>
  <title>Not Found</title>
</head>
<body>
  <h1>Not Found</h1><p>The requested resource was not found on this server.</p>
</body>
</html>

2023-05-02 21:40:22,793:WARNING:django.request:Not Found: /eventos/inscripciones/
2023-05-02 21:40:35,767:INFO:django.utils.autoreload:/media/nelson/Apacer PHD/projects/centro/sistema_egresados/apps/eventos/api/urls.py changed, reloading.
2023-05-02 21:40:39,557:INFO:configs.middlewares.auth:request received for endpoint /eventos/inscripciones/
2023-05-02 21:40:40,609:WARNING:root:
<!doctype html>
<html lang="en">
<head>
  <title>Not Found</title>
</head>
<body>
  <h1>Not Found</h1><p>The requested resource was not found on this server.</p>
</body>
</html>

2023-05-02 21:40:40,980:WARNING:django.request:Not Found: /eventos/inscripciones/
2023-05-02 21:40:55,646:INFO:configs.middlewares.auth:request received for endpoint /eventos/inscripciones/
2023-05-02 21:40:56,906:WARNING:root:
<!doctype html>
<html lang="en">
<head>
  <title>Not Found</title>
</head>
<body>
  <h1>Not Found</h1><p>The requested resource was not found on this server.</p>
</body>
</html>

2023-05-02 21:40:57,277:WARNING:django.request:Not Found: /eventos/inscripciones/
2023-05-02 21:41:07,112:INFO:configs.middlewares.auth:request received for endpoint /eventos/inscripciones/
2023-05-02 21:41:08,213:WARNING:root:
<!doctype html>
<html lang="en">
<head>
  <title>Not Found</title>
</head>
<body>
  <h1>Not Found</h1><p>The requested resource was not found on this server.</p>
</body>
</html>

2023-05-02 21:41:08,584:WARNING:django.request:Not Found: /eventos/inscripciones/
2023-05-02 21:41:53,797:INFO:django.utils.autoreload:/media/nelson/Apacer PHD/projects/centro/sistema_egresados/apps/eventos/api/views/incripciones/urls.py changed, reloading.
2023-05-02 21:41:58,458:INFO:configs.middlewares.auth:request received for endpoint /eventos/inscripciones/
2023-05-02 21:41:59,502:WARNING:root:
<!doctype html>
<html lang="en">
<head>
  <title>Not Found</title>
</head>
<body>
  <h1>Not Found</h1><p>The requested resource was not found on this server.</p>
</body>
</html>

2023-05-02 21:41:59,870:WARNING:django.request:Not Found: /eventos/inscripciones/
2023-05-02 21:42:33,447:INFO:configs.middlewares.auth:request received for endpoint /eventos/inscripciones/
2023-05-02 21:42:34,603:WARNING:root:
<!doctype html>
<html lang="en">
<head>
  <title>Not Found</title>
</head>
<body>
  <h1>Not Found</h1><p>The requested resource was not found on this server.</p>
</body>
</html>

2023-05-02 21:42:34,967:WARNING:django.request:Not Found: /eventos/inscripciones/
2023-05-02 21:42:41,011:INFO:django.utils.autoreload:/media/nelson/Apacer PHD/projects/centro/sistema_egresados/apps/eventos/api/views/incripciones/urls.py changed, reloading.
2023-05-02 21:42:45,036:INFO:configs.middlewares.auth:request received for endpoint /eventos/inscripciones/
2023-05-02 21:42:46,047:WARNING:root:The response content must be rendered before it can be iterated over.
2023-05-02 21:42:46,406:WARNING:django.request:Bad Request: /eventos/inscripciones/
2023-05-02 21:43:07,103:INFO:django.utils.autoreload:/media/nelson/Apacer PHD/projects/centro/sistema_egresados/apps/eventos/api/views/incripciones/view.py changed, reloading.
2023-05-02 21:43:46,309:INFO:django.utils.autoreload:/media/nelson/Apacer PHD/projects/centro/sistema_egresados/apps/eventos/api/views/incripciones/view.py changed, reloading.
2023-05-02 21:43:49,966:INFO:configs.middlewares.auth:request received for endpoint /eventos/inscripciones/
2023-05-02 21:44:15,253:INFO:django.utils.autoreload:/media/nelson/Apacer PHD/projects/centro/sistema_egresados/apps/eventos/api/views/incripciones/view.py changed, reloading.
2023-05-02 21:44:36,516:INFO:django.utils.autoreload:/media/nelson/Apacer PHD/projects/centro/sistema_egresados/apps/eventos/api/views/incripciones/view.py changed, reloading.
2023-05-02 21:44:40,422:INFO:configs.middlewares.auth:request received for endpoint /eventos/inscripciones/
2023-05-02 21:44:47,087:INFO:configs.middlewares.auth:request received for endpoint /eventos/inscripciones/
2023-05-02 21:44:52,852:INFO:configs.middlewares.auth:request received for endpoint /eventos/inscripciones/
2023-05-02 21:44:57,558:INFO:configs.middlewares.auth:request received for endpoint /eventos/inscripciones/
2023-05-02 21:44:59,895:INFO:configs.middlewares.auth:request received for endpoint /eventos/inscripciones/
